This is pdfTeX, Version 3.141592653-2.6-1.40.24 (MiKTeX 21.12.10) (preloaded format=pdflatex 2022.1.21)  6 JUL 2022 10:29
entering extended mode
 restricted \write18 enabled.
 %&-line parsing enabled.
**./Report.tex
(Report.tex
LaTeX2e <2021-11-15> patch level 1
L3 programming layer <2021-11-22>
(C:\Users\huago\AppData\Local\Programs\MiKTeX\tex/latex/base\article.cls
Document Class: article 2021/10/04 v1.4n Standard LaTeX document class
(C:\Users\huago\AppData\Local\Programs\MiKTeX\tex/latex/base\size10.clo
File: size10.clo 2021/10/04 v1.4n Standard LaTeX file (size option)
)
\c@part=\count183
\c@section=\count184
\c@subsection=\count185
\c@subsubsection=\count186
\c@paragraph=\count187
\c@subparagraph=\count188
\c@figure=\count189
\c@table=\count190
\abovecaptionskip=\skip47
\belowcaptionskip=\skip48
\bibindent=\dimen138
)
(C:\Users\huago\AppData\Local\Programs\MiKTeX\tex/latex/amsfonts\amssymb.sty
Package: amssymb 2013/01/14 v3.01 AMS font symbols

(C:\Users\huago\AppData\Local\Programs\MiKTeX\tex/latex/amsfonts\amsfonts.sty
Package: amsfonts 2013/01/14 v3.01 Basic AMSFonts support
\@emptytoks=\toks16
\symAMSa=\mathgroup4
\symAMSb=\mathgroup5
LaTeX Font Info:    Redeclaring math symbol \hbar on input line 98.
LaTeX Font Info:    Overwriting math alphabet `\mathfrak' in version `bold'
(Font)                  U/euf/m/n --> U/euf/b/n on input line 106.
)) (C:\Users\huago\AppData\Local\Programs\MiKTeX\tex/latex/graphics\graphicx.st
y
Package: graphicx 2021/09/16 v1.2d Enhanced LaTeX Graphics (DPC,SPQR)

(C:\Users\huago\AppData\Local\Programs\MiKTeX\tex/latex/graphics\keyval.sty
Package: keyval 2014/10/28 v1.15 key=value parser (DPC)
\KV@toks@=\toks17
)
(C:\Users\huago\AppData\Local\Programs\MiKTeX\tex/latex/graphics\graphics.sty
Package: graphics 2021/03/04 v1.4d Standard LaTeX Graphics (DPC,SPQR)

(C:\Users\huago\AppData\Local\Programs\MiKTeX\tex/latex/graphics\trig.sty
Package: trig 2021/08/11 v1.11 sin cos tan (DPC)
)
(C:\Users\huago\AppData\Local\Programs\MiKTeX\tex/latex/graphics-cfg\graphics.c
fg
File: graphics.cfg 2016/06/04 v1.11 sample graphics configuration
)
Package graphics Info: Driver file: pdftex.def on input line 107.

(C:\Users\huago\AppData\Local\Programs\MiKTeX\tex/latex/graphics-def\pdftex.def
File: pdftex.def 2020/10/05 v1.2a Graphics/color driver for pdftex
))
\Gin@req@height=\dimen139
\Gin@req@width=\dimen140
) (C:\Users\huago\AppData\Local\Programs\MiKTeX\tex/latex/caption\caption.sty
Package: caption 2020/10/26 v3.5g Customizing captions (AR)
(C:\Users\huago\AppData\Local\Programs\MiKTeX\tex/latex/caption\caption3.sty
Package: caption3 2020/10/21 v2.2e caption3 kernel (AR)
\captionmargin=\dimen141
\captionmargin@=\dimen142
\captionwidth=\dimen143
\caption@tempdima=\dimen144
\caption@indent=\dimen145
\caption@parindent=\dimen146
\caption@hangindent=\dimen147
Package caption Info: Standard document class detected.
)
\c@caption@flags=\count191
\c@continuedfloat=\count192
)
(C:\Users\huago\AppData\Local\Programs\MiKTeX\tex/latex/caption\subcaption.sty
Package: subcaption 2020/10/07 v1.3j Sub-captions (AR)
\c@subfigure=\count193
\c@subtable=\count194
) (C:\Users\huago\AppData\Local\Programs\MiKTeX\tex/latex/listings\listings.sty
\lst@mode=\count195
\lst@gtempboxa=\box50
\lst@token=\toks18
\lst@length=\count196
\lst@currlwidth=\dimen148
\lst@column=\count197
\lst@pos=\count198
\lst@lostspace=\dimen149
\lst@width=\dimen150
\lst@newlines=\count199
\lst@lineno=\count266
\lst@maxwidth=\dimen151

(C:\Users\huago\AppData\Local\Programs\MiKTeX\tex/latex/listings\lstmisc.sty
File: lstmisc.sty 2020/03/24 1.8d (Carsten Heinz)
\c@lstnumber=\count267
\lst@skipnumbers=\count268
\lst@framebox=\box51
)
(C:\Users\huago\AppData\Local\Programs\MiKTeX\tex/latex/listings\listings.cfg
File: listings.cfg 2020/03/24 1.8d listings configuration
))
Package: listings 2020/03/24 1.8d (Carsten Heinz)
(C:\Users\huago\AppData\Local\Programs\MiKTeX\tex/latex/float\float.sty
Package: float 2001/11/08 v1.3d Float enhancements (AL)
\c@float@type=\count269
\float@exts=\toks19
\float@box=\box52
\@float@everytoks=\toks20
\@floatcapt=\box53
)
(C:\Users\huago\AppData\Local\Programs\MiKTeX\tex/latex/adjustbox\adjustbox.sty
Package: adjustbox 2020/08/19 v1.3 Adjusting TeX boxes (trim, clip, ...)
(C:\Users\huago\AppData\Local\Programs\MiKTeX\tex/latex/xkeyval\xkeyval.sty
Package: xkeyval 2020/11/20 v2.8 package option processing (HA)

(C:\Users\huago\AppData\Local\Programs\MiKTeX\tex/generic/xkeyval\xkeyval.tex
(C:\Users\huago\AppData\Local\Programs\MiKTeX\tex/generic/xkeyval\xkvutils.tex
\XKV@toks=\toks21
\XKV@tempa@toks=\toks22
)
\XKV@depth=\count270
File: xkeyval.tex 2014/12/03 v2.7a key=value parser (HA)
))
(C:\Users\huago\AppData\Local\Programs\MiKTeX\tex/latex/adjustbox\adjcalc.sty
Package: adjcalc 2012/05/16 v1.1 Provides advanced setlength with multiple back
-ends (calc, etex, pgfmath)
)
(C:\Users\huago\AppData\Local\Programs\MiKTeX\tex/latex/adjustbox\trimclip.sty
Package: trimclip 2020/08/19 v1.2 Trim and clip general TeX material

(C:\Users\huago\AppData\Local\Programs\MiKTeX\tex/latex/collectbox\collectbox.s
ty
Package: collectbox 2012/05/17 v0.4b Collect macro arguments as boxes
\collectedbox=\box54
)
\tc@llx=\dimen152
\tc@lly=\dimen153
\tc@urx=\dimen154
\tc@ury=\dimen155
Package trimclip Info: Using driver 'tc-pdftex.def'.

(C:\Users\huago\AppData\Local\Programs\MiKTeX\tex/latex/adjustbox\tc-pdftex.def
File: tc-pdftex.def 2019/01/04 v2.2 Clipping driver for pdftex
))
\adjbox@Width=\dimen156
\adjbox@Height=\dimen157
\adjbox@Depth=\dimen158
\adjbox@Totalheight=\dimen159
\adjbox@pwidth=\dimen160
\adjbox@pheight=\dimen161
\adjbox@pdepth=\dimen162
\adjbox@ptotalheight=\dimen163

(C:\Users\huago\AppData\Local\Programs\MiKTeX\tex/latex/ifoddpage\ifoddpage.sty
Package: ifoddpage 2016/04/23 v1.1 Conditionals for odd/even page detection
\c@checkoddpage=\count271
) (C:\Users\huago\AppData\Local\Programs\MiKTeX\tex/latex/varwidth\varwidth.sty
Package: varwidth 2009/03/30 ver 0.92;  Variable-width minipages
\@vwid@box=\box55
\sift@deathcycles=\count272
\@vwid@loff=\dimen164
\@vwid@roff=\dimen165
)) (C:\Users\huago\AppData\Local\Programs\MiKTeX\tex/latex/cite\cite.sty
LaTeX Info: Redefining \cite on input line 302.
LaTeX Info: Redefining \nocite on input line 332.
Package: cite 2015/02/27  v 5.5
)
(C:\Users\huago\AppData\Local\Programs\MiKTeX\tex/latex/l3backend\l3backend-pdf
tex.def
File: l3backend-pdftex.def 2021-12-14 L3 backend support: PDF output (pdfTeX)
\l__color_backend_stack_int=\count273
\l__pdf_internal_box=\box56
) (Report.aux (introduction.aux) (timeProblem.aux) (stateProblem.aux)
(exponentialChange.aux

LaTeX Warning: Label `tab:exp_state_tol_lsoda_1' multiply defined.

) (investigation.aux) (summary.aux))
\openout1 = `Report.aux'.

LaTeX Font Info:    Checking defaults for OML/cmm/m/it on input line 16.
LaTeX Font Info:    ... okay on input line 16.
LaTeX Font Info:    Checking defaults for OMS/cmsy/m/n on input line 16.
LaTeX Font Info:    ... okay on input line 16.
LaTeX Font Info:    Checking defaults for OT1/cmr/m/n on input line 16.
LaTeX Font Info:    ... okay on input line 16.
LaTeX Font Info:    Checking defaults for T1/cmr/m/n on input line 16.
LaTeX Font Info:    ... okay on input line 16.
LaTeX Font Info:    Checking defaults for TS1/cmr/m/n on input line 16.
LaTeX Font Info:    ... okay on input line 16.
LaTeX Font Info:    Checking defaults for OMX/cmex/m/n on input line 16.
LaTeX Font Info:    ... okay on input line 16.
LaTeX Font Info:    Checking defaults for U/cmr/m/n on input line 16.
LaTeX Font Info:    ... okay on input line 16.

(C:\Users\huago\AppData\Local\Programs\MiKTeX\tex/context/base/mkii\supp-pdf.mk
ii
[Loading MPS to PDF converter (version 2006.09.02).]
\scratchcounter=\count274
\scratchdimen=\dimen166
\scratchbox=\box57
\nofMPsegments=\count275
\nofMParguments=\count276
\everyMPshowfont=\toks23
\MPscratchCnt=\count277
\MPscratchDim=\dimen167
\MPnumerator=\count278
\makeMPintoPDFobject=\count279
\everyMPtoPDFconversion=\toks24
)
(C:\Users\huago\AppData\Local\Programs\MiKTeX\tex/latex/epstopdf-pkg\epstopdf-b
ase.sty
Package: epstopdf-base 2020-01-24 v2.11 Base part for package epstopdf
Package epstopdf-base Info: Redefining graphics rule for `.eps' on input line 4
85.

(C:\Users\huago\AppData\Local\Programs\MiKTeX\tex/latex/00miktex\epstopdf-sys.c
fg
File: epstopdf-sys.cfg 2021/03/18 v2.0 Configuration of epstopdf for MiKTeX
))
Package caption Info: Begin \AtBeginDocument code.
Package caption Info: float package is loaded.
Package caption Info: listings package is loaded.
Package caption Info: End \AtBeginDocument code.
\c@lstlisting=\count280
LaTeX Font Info:    Trying to load font information for U+msa on input line 22.

 (C:\Users\huago\AppData\Local\Programs\MiKTeX\tex/latex/amsfonts\umsa.fd
File: umsa.fd 2013/01/14 v3.01 AMS symbols A
)
LaTeX Font Info:    Trying to load font information for U+msb on input line 22.


(C:\Users\huago\AppData\Local\Programs\MiKTeX\tex/latex/amsfonts\umsb.fd
File: umsb.fd 2013/01/14 v3.01 AMS symbols B
)
[1

{C:/Users/huago/AppData/Local/MiKTeX/fonts/map/pdftex/pdftex.map}] [1]
\openout2 = `introduction.aux'.


(introduction.tex [2

] [3] [4]
<./figures/unstability_of_exponential_growth.png, id=28, 495.0495pt x 372.1905p
t>
File: ./figures/unstability_of_exponential_growth.png Graphic file (type png)
<use ./figures/unstability_of_exponential_growth.png>
Package pdftex.def Info: ./figures/unstability_of_exponential_growth.png  used 
on input line 93.
(pdftex.def)             Requested size: 241.49895pt x 181.56282pt.
 [5 <./figures/unstability_of_exponential_growth.png>]
<./figures/regain_stability_after_measures.png, id=34, 511.6716pt x 362.0727pt>

File: ./figures/regain_stability_after_measures.png Graphic file (type png)
<use ./figures/regain_stability_after_measures.png>
Package pdftex.def Info: ./figures/regain_stability_after_measures.png  used on
 input line 104.
(pdftex.def)             Requested size: 241.49895pt x 170.89241pt.
 [6 <./figures/regain_stability_after_measures.png>] [7] [8]
Overfull \hbox (1.97276pt too wide) in paragraph at lines 163--164
[]\OT1/cmr/m/n/10 `rk4' which calls a sim-ple solver that uses the clas-si-cal 
Runge-Kutta method
 []

[9] [10] [11]
<./figures/R_ode45_spacing_experiment.png, id=56, 599.99156pt x 406.51875pt>
File: ./figures/R_ode45_spacing_experiment.png Graphic file (type png)
<use ./figures/R_ode45_spacing_experiment.png>
Package pdftex.def Info: ./figures/R_ode45_spacing_experiment.png  used on inpu
t line 256.
(pdftex.def)             Requested size: 241.49895pt x 163.6219pt.
 [12]

LaTeX Warning: `h' float specifier changed to `ht'.

[13 <./figures/R_ode45_spacing_experiment.png>]
<./figures/lsoda_vs_discontinuity.png, id=65, 462.528pt x 346.896pt>
File: ./figures/lsoda_vs_discontinuity.png Graphic file (type png)
<use ./figures/lsoda_vs_discontinuity.png>
Package pdftex.def Info: ./figures/lsoda_vs_discontinuity.png  used on input li
ne 292.
(pdftex.def)             Requested size: 241.49895pt x 181.12799pt.


LaTeX Warning: `h' float specifier changed to `ht'.

<./figures/dop853_vs_discontinuity.png, id=66, 462.528pt x 346.896pt>
File: ./figures/dop853_vs_discontinuity.png Graphic file (type png)
<use ./figures/dop853_vs_discontinuity.png>
Package pdftex.def Info: ./figures/dop853_vs_discontinuity.png  used on input l
ine 299.
(pdftex.def)             Requested size: 241.49895pt x 181.12799pt.

LaTeX Warning: `h' float specifier changed to `ht'.

[14]) [15 <./figures/lsoda_vs_discontinuity.png>] [16 <./figures/dop853_vs_disc
ontinuity.png>]
\openout2 = `timeProblem.aux'.

 (timeProblem.tex
(C:\Users\huago\AppData\Local\Programs\MiKTeX\tex/latex/listings\lstlang1.sty
File: lstlang1.sty 2020/03/24 1.8d listings language file
)
LaTeX Font Info:    Trying to load font information for OML+cmr on input line 1
6.

(C:\Users\huago\AppData\Local\Programs\MiKTeX\tex/latex/base\omlcmr.fd
File: omlcmr.fd 2019/12/16 v2.5j Standard LaTeX font definitions
)
LaTeX Font Info:    Font shape `OML/cmr/m/n' in size <10> not available
(Font)              Font shape `OML/cmm/m/it' tried instead on input line 16.

Overfull \hbox (15.0pt too wide) in paragraph at lines 11--22
[]$[]$ 
 []

<./figures/time_discontinuity_R.png, id=78, 599.99156pt x 406.51875pt>
File: ./figures/time_discontinuity_R.png Graphic file (type png)
<use ./figures/time_discontinuity_R.png>
Package pdftex.def Info: ./figures/time_discontinuity_R.png  used on input line
 29.
(pdftex.def)             Requested size: 241.49895pt x 163.6219pt.
[17



]
<./figures/rk4_messing_up_no_event_R.png, id=82, 599.99156pt x 406.51875pt>
File: ./figures/rk4_messing_up_no_event_R.png Graphic file (type png)
<use ./figures/rk4_messing_up_no_event_R.png>
Package pdftex.def Info: ./figures/rk4_messing_up_no_event_R.png  used on input
 line 40.
(pdftex.def)             Requested size: 241.49895pt x 163.6219pt.
 [18 <./figures/time_discontinuity_R.png>]
<./figures/time_discontinuity_py.png, id=88, 655.4889pt x 418.4433pt>
File: ./figures/time_discontinuity_py.png Graphic file (type png)
<use ./figures/time_discontinuity_py.png>
Package pdftex.def Info: ./figures/time_discontinuity_py.png  used on input lin
e 50.
(pdftex.def)             Requested size: 241.49895pt x 154.16394pt.
 [19 <./figures/rk4_messing_up_no_event_R.png>]
<./figures/time_discontinuity_scilab.png, id=93, 612.2875pt x 461.725pt>
File: ./figures/time_discontinuity_scilab.png Graphic file (type png)
<use ./figures/time_discontinuity_scilab.png>
Package pdftex.def Info: ./figures/time_discontinuity_scilab.png  used on input
 line 59.
(pdftex.def)             Requested size: 241.49895pt x 182.11517pt.
 [20 <./figures/time_discontinuity_py.png>]
<./figures/time_discontinuity_matlab.png, id=98, 526.96875pt x 395.22656pt>
File: ./figures/time_discontinuity_matlab.png Graphic file (type png)
<use ./figures/time_discontinuity_matlab.png>
Package pdftex.def Info: ./figures/time_discontinuity_matlab.png  used on input
 line 72.
(pdftex.def)             Requested size: 241.49895pt x 181.12495pt.
 [21 <./figures/time_discontinuity_scilab.png>] [22 <./figures/time_discontinui
ty_matlab.png (PNG copy)>]
Overfull \hbox (9.0036pt too wide) in paragraph at lines 95--96
[][][][][][][][][][][][][] 
 []


Overfull \hbox (15.0pt too wide) in paragraph at lines 91--106
[]$[]$ 
 []

<./figures/solve_time_discontinuity_R.png, id=106, 599.99156pt x 406.51875pt>
File: ./figures/solve_time_discontinuity_R.png Graphic file (type png)
<use ./figures/solve_time_discontinuity_R.png>
Package pdftex.def Info: ./figures/solve_time_discontinuity_R.png  used on inpu
t line 113.
(pdftex.def)             Requested size: 241.49895pt x 163.6219pt.
[23]
<./figures/rk4_messing_up_with_event_R.png, id=110, 599.99156pt x 406.51875pt>
File: ./figures/rk4_messing_up_with_event_R.png Graphic file (type png)
<use ./figures/rk4_messing_up_with_event_R.png>
Package pdftex.def Info: ./figures/rk4_messing_up_with_event_R.png  used on inp
ut line 123.
(pdftex.def)             Requested size: 241.49895pt x 163.6219pt.
 [24 <./figures/solve_time_discontinuity_R.png>] [25 <./figures/rk4_messing_up_
with_event_R.png>]
<./figures/solve_time_discontinuity_py.png, id=120, 462.528pt x 346.896pt>
File: ./figures/solve_time_discontinuity_py.png Graphic file (type png)
<use ./figures/solve_time_discontinuity_py.png>
Package pdftex.def Info: ./figures/solve_time_discontinuity_py.png  used on inp
ut line 161.
(pdftex.def)             Requested size: 241.49895pt x 181.12799pt.
 [26 <./figures/solve_time_discontinuity_py.png>]
<./figures/solve_time_discontinuity_scilab.png, id=125, 612.2875pt x 461.725pt>

File: ./figures/solve_time_discontinuity_scilab.png Graphic file (type png)
<use ./figures/solve_time_discontinuity_scilab.png>
Package pdftex.def Info: ./figures/solve_time_discontinuity_scilab.png  used on
 input line 190.
(pdftex.def)             Requested size: 241.49895pt x 182.11517pt.

[27] [28 <./figures/solve_time_discontinuity_scilab.png>]
<./figures/solve_time_discontinuity_matlab.png, id=133, 526.96875pt x 395.22656
pt>
File: ./figures/solve_time_discontinuity_matlab.png Graphic file (type png)
<use ./figures/solve_time_discontinuity_matlab.png>
Package pdftex.def Info: ./figures/solve_time_discontinuity_matlab.png  used on
 input line 222.
(pdftex.def)             Requested size: 241.49895pt x 181.12495pt.
 [29 <./figures/solve_time_discontinuity_matlab.png (PNG copy)>]
Overfull \hbox (24.61664pt too wide) in paragraph at lines 246--246
[]\OT1/cmr/bx/n/12 Efficiency data and tol-er-ance study for the time-dependent

 []

<./figures/tolerance_time_lsoda_no_event_R.png, id=137, 599.99156pt x 406.51875
pt>
File: ./figures/tolerance_time_lsoda_no_event_R.png Graphic file (type png)
<use ./figures/tolerance_time_lsoda_no_event_R.png>
Package pdftex.def Info: ./figures/tolerance_time_lsoda_no_event_R.png  used on
 input line 260.
(pdftex.def)             Requested size: 241.49895pt x 163.6219pt.
[30]
<./figures/tolerance_time_lsoda_with_event_R.png, id=142, 599.99156pt x 406.518
75pt>
File: ./figures/tolerance_time_lsoda_with_event_R.png Graphic file (type png)
<use ./figures/tolerance_time_lsoda_with_event_R.png>
Package pdftex.def Info: ./figures/tolerance_time_lsoda_with_event_R.png  used 
on input line 267.
(pdftex.def)             Requested size: 241.49895pt x 163.6219pt.
 [31 <./figures/tolerance_time_lsoda_no_event_R.png> <./figures/tolerance_time_
lsoda_with_event_R.png>]
<./figures/tolerance_time_lsoda_no_event_py.png, id=148, 462.528pt x 346.896pt>

File: ./figures/tolerance_time_lsoda_no_event_py.png Graphic file (type png)
<use ./figures/tolerance_time_lsoda_no_event_py.png>
Package pdftex.def Info: ./figures/tolerance_time_lsoda_no_event_py.png  used o
n input line 299.
(pdftex.def)             Requested size: 241.49895pt x 181.12799pt.
 [32]
<./figures/tolerance_time_lsoda_with_event_py.png, id=152, 462.528pt x 346.896p
t>
File: ./figures/tolerance_time_lsoda_with_event_py.png Graphic file (type png)
<use ./figures/tolerance_time_lsoda_with_event_py.png>
Package pdftex.def Info: ./figures/tolerance_time_lsoda_with_event_py.png  used
 on input line 306.
(pdftex.def)             Requested size: 241.49895pt x 181.12799pt.
 [33 <./figures/tolerance_time_lsoda_no_event_py.png> <./figures/tolerance_time
_lsoda_with_event_py.png>]
<./figures/tolerance_time_lsoda_no_event_sci.png, id=158, 612.2875pt x 461.725p
t>
File: ./figures/tolerance_time_lsoda_no_event_sci.png Graphic file (type png)
<use ./figures/tolerance_time_lsoda_no_event_sci.png>
Package pdftex.def Info: ./figures/tolerance_time_lsoda_no_event_sci.png  used 
on input line 337.
(pdftex.def)             Requested size: 241.49895pt x 182.11517pt.
 [34]
<./figures/tolerance_time_lsoda_with_event_sci.png, id=162, 612.2875pt x 461.72
5pt>
File: ./figures/tolerance_time_lsoda_with_event_sci.png Graphic file (type png)

<use ./figures/tolerance_time_lsoda_with_event_sci.png>
Package pdftex.def Info: ./figures/tolerance_time_lsoda_with_event_sci.png  use
d on input line 344.
(pdftex.def)             Requested size: 241.49895pt x 182.11517pt.
 [35 <./figures/tolerance_time_lsoda_no_event_sci.png> <./figures/tolerance_tim
e_lsoda_with_event_sci.png>]
<./figures/tolerance_time_rk45_no_event_R.png, id=168, 599.99156pt x 406.51875p
t>
File: ./figures/tolerance_time_rk45_no_event_R.png Graphic file (type png)
<use ./figures/tolerance_time_rk45_no_event_R.png>
Package pdftex.def Info: ./figures/tolerance_time_rk45_no_event_R.png  used on 
input line 377.
(pdftex.def)             Requested size: 241.49895pt x 163.6219pt.
 [36]
<./figures/tolerance_time_rk45_with_event_R.png, id=173, 599.99156pt x 406.5187
5pt>
File: ./figures/tolerance_time_rk45_with_event_R.png Graphic file (type png)
<use ./figures/tolerance_time_rk45_with_event_R.png>
Package pdftex.def Info: ./figures/tolerance_time_rk45_with_event_R.png  used o
n input line 384.
(pdftex.def)             Requested size: 241.49895pt x 163.6219pt.
 [37 <./figures/tolerance_time_rk45_no_event_R.png> <./figures/tolerance_time_r
k45_with_event_R.png>]
<./figures/tolerance_time_rk45_further_no_event_R.png, id=179, 599.99156pt x 40
6.51875pt>
File: ./figures/tolerance_time_rk45_further_no_event_R.png Graphic file (type p
ng)
<use ./figures/tolerance_time_rk45_further_no_event_R.png>
Package pdftex.def Info: ./figures/tolerance_time_rk45_further_no_event_R.png  
used on input line 415.
(pdftex.def)             Requested size: 241.49895pt x 163.6219pt.
<./figures/tolerance_time_rk45_further_with_event_R.png, id=180, 599.99156pt x 
406.51875pt>
File: ./figures/tolerance_time_rk45_further_with_event_R.png Graphic file (type
 png)
<use ./figures/tolerance_time_rk45_further_with_event_R.png>
Package pdftex.def Info: ./figures/tolerance_time_rk45_further_with_event_R.png
  used on input line 422.
(pdftex.def)             Requested size: 241.49895pt x 163.6219pt.
 [38 <./figures/tolerance_time_rk45_further_no_event_R.png>] [39 <./figures/tol
erance_time_rk45_further_with_event_R.png>]
Overfull \hbox (2.66075pt too wide) in paragraph at lines 454--455
 \OT1/cmr/bx/n/10 Time de-pen-dent dis-con-ti-nu-ity model tol-er-ance study on
 the Python
 []

<./figures/tolerance_time_rk45_no_event_py.png, id=189, 462.528pt x 346.896pt>
File: ./figures/tolerance_time_rk45_no_event_py.png Graphic file (type png)
<use ./figures/tolerance_time_rk45_no_event_py.png>
Package pdftex.def Info: ./figures/tolerance_time_rk45_no_event_py.png  used on
 input line 458.
(pdftex.def)             Requested size: 241.49895pt x 181.12799pt.
<./figures/tolerance_time_rk45_with_event_py.png, id=190, 462.528pt x 346.896pt
>
File: ./figures/tolerance_time_rk45_with_event_py.png Graphic file (type png)
<use ./figures/tolerance_time_rk45_with_event_py.png>
Package pdftex.def Info: ./figures/tolerance_time_rk45_with_event_py.png  used 
on input line 465.
(pdftex.def)             Requested size: 241.49895pt x 181.12799pt.
[40 <./figures/tolerance_time_rk45_no_event_py.png>] [41 <./figures/tolerance_t
ime_rk45_with_event_py.png>]
<./figures/tolerance_time_rk45_no_event_sci.png, id=199, 612.2875pt x 461.725pt
>
File: ./figures/tolerance_time_rk45_no_event_sci.png Graphic file (type png)
<use ./figures/tolerance_time_rk45_no_event_sci.png>
Package pdftex.def Info: ./figures/tolerance_time_rk45_no_event_sci.png  used o
n input line 505.
(pdftex.def)             Requested size: 241.49895pt x 182.11517pt.
<./figures/tolerance_time_rk45_with_event_sci.png, id=200, 612.2875pt x 461.725
pt>
File: ./figures/tolerance_time_rk45_with_event_sci.png Graphic file (type png)
<use ./figures/tolerance_time_rk45_with_event_sci.png>
Package pdftex.def Info: ./figures/tolerance_time_rk45_with_event_sci.png  used
 on input line 512.
(pdftex.def)             Requested size: 241.49895pt x 182.11517pt.
 [42 <./figures/tolerance_time_rk45_no_event_sci.png>]
<./figures/tolerance_time_rkf_further_no_event_sci.png, id=206, 612.2875pt x 46
1.725pt>
File: ./figures/tolerance_time_rkf_further_no_event_sci.png Graphic file (type 
png)
<use ./figures/tolerance_time_rkf_further_no_event_sci.png>
Package pdftex.def Info: ./figures/tolerance_time_rkf_further_no_event_sci.png 
 used on input line 540.
(pdftex.def)             Requested size: 241.49895pt x 182.11517pt.
 [43 <./figures/tolerance_time_rk45_with_event_sci.png>]
<./figures/tolerance_time_rkf_further_with_event_sci.png, id=211, 612.2875pt x 
461.725pt>
File: ./figures/tolerance_time_rkf_further_with_event_sci.png Graphic file (typ
e png)
<use ./figures/tolerance_time_rkf_further_with_event_sci.png>
Package pdftex.def Info: ./figures/tolerance_time_rkf_further_with_event_sci.pn
g  used on input line 547.
(pdftex.def)             Requested size: 241.49895pt x 182.11517pt.
 [44 <./figures/tolerance_time_rkf_further_no_event_sci.png> <./figures/toleran
ce_time_rkf_further_with_event_sci.png>]
<./figures/tolerance_time_rk45_no_event_matlab.png, id=217, 526.96875pt x 395.2
2656pt>
File: ./figures/tolerance_time_rk45_no_event_matlab.png Graphic file (type png)

<use ./figures/tolerance_time_rk45_no_event_matlab.png>
Package pdftex.def Info: ./figures/tolerance_time_rk45_no_event_matlab.png  use
d on input line 579.
(pdftex.def)             Requested size: 241.49895pt x 181.12495pt.
 [45]
<./figures/tolerance_time_rk45_with_event_matlab.png, id=221, 526.96875pt x 395
.22656pt>
File: ./figures/tolerance_time_rk45_with_event_matlab.png Graphic file (type pn
g)
<use ./figures/tolerance_time_rk45_with_event_matlab.png>
Package pdftex.def Info: ./figures/tolerance_time_rk45_with_event_matlab.png  u
sed on input line 588.
(pdftex.def)             Requested size: 241.49895pt x 181.12495pt.
 [46 <./figures/tolerance_time_rk45_no_event_matlab.png (PNG copy)> <./figures/
tolerance_time_rk45_with_event_matlab.png (PNG copy)>]) [47]
\openout2 = `stateProblem.aux'.

 (stateProblem.tex
Overfull \hbox (15.0pt too wide) in paragraph at lines 15--40
[]$[]$ 
 []

[48



]
<./figures/state_discontinuity_R.png, id=232, 599.99156pt x 406.51875pt>
File: ./figures/state_discontinuity_R.png Graphic file (type png)
<use ./figures/state_discontinuity_R.png>
Package pdftex.def Info: ./figures/state_discontinuity_R.png  used on input lin
e 44.
(pdftex.def)             Requested size: 241.49895pt x 163.6219pt.
 [49 <./figures/state_discontinuity_R.png>]
<./figures/state_discontinuity_radau_R.png, id=237, 599.99156pt x 406.51875pt>
File: ./figures/state_discontinuity_radau_R.png Graphic file (type png)
<use ./figures/state_discontinuity_radau_R.png>
Package pdftex.def Info: ./figures/state_discontinuity_radau_R.png  used on inp
ut line 61.
(pdftex.def)             Requested size: 241.49895pt x 163.6219pt.
 [50 <./figures/state_discontinuity_radau_R.png>]
<./figures/state_discontinuity_sharp_R.png, id=242, 599.99156pt x 406.51875pt>
File: ./figures/state_discontinuity_sharp_R.png Graphic file (type png)
<use ./figures/state_discontinuity_sharp_R.png>
Package pdftex.def Info: ./figures/state_discontinuity_sharp_R.png  used on inp
ut line 70.
(pdftex.def)             Requested size: 241.49895pt x 163.6219pt.
<./figures/state_discontinuity_sharp_radau_R.png, id=243, 599.99156pt x 406.518
75pt>
File: ./figures/state_discontinuity_sharp_radau_R.png Graphic file (type png)
<use ./figures/state_discontinuity_sharp_radau_R.png>
Package pdftex.def Info: ./figures/state_discontinuity_sharp_radau_R.png  used 
on input line 83.
(pdftex.def)             Requested size: 241.49895pt x 163.6219pt.
 [51 <./figures/state_discontinuity_sharp_R.png>]
<./figures/state_discontinuity_py.png, id=248, 462.528pt x 346.896pt>
File: ./figures/state_discontinuity_py.png Graphic file (type png)
<use ./figures/state_discontinuity_py.png>
Package pdftex.def Info: ./figures/state_discontinuity_py.png  used on input li
ne 91.
(pdftex.def)             Requested size: 241.49895pt x 181.12799pt.
 [52 <./figures/state_discontinuity_sharp_radau_R.png> <./figures/state_discont
inuity_py.png>]
<./figures/state_discontinuity_radau_py.png, id=254, 462.528pt x 346.896pt>
File: ./figures/state_discontinuity_radau_py.png Graphic file (type png)
<use ./figures/state_discontinuity_radau_py.png>
Package pdftex.def Info: ./figures/state_discontinuity_radau_py.png  used on in
put line 105.
(pdftex.def)             Requested size: 241.49895pt x 181.12799pt.
<./figures/state_discontinuity_sharp_py.png, id=255, 462.528pt x 346.896pt>
File: ./figures/state_discontinuity_sharp_py.png Graphic file (type png)
<use ./figures/state_discontinuity_sharp_py.png>
Package pdftex.def Info: ./figures/state_discontinuity_sharp_py.png  used on in
put line 114.
(pdftex.def)             Requested size: 241.49895pt x 181.12799pt.
 [53 <./figures/state_discontinuity_radau_py.png>]
<./figures/state_discontinuity_sharp_radau_py.png, id=260, 462.528pt x 346.896p
t>
File: ./figures/state_discontinuity_sharp_radau_py.png Graphic file (type png)
<use ./figures/state_discontinuity_sharp_radau_py.png>
Package pdftex.def Info: ./figures/state_discontinuity_sharp_radau_py.png  used
 on input line 125.
(pdftex.def)             Requested size: 241.49895pt x 181.12799pt.
 [54 <./figures/state_discontinuity_sharp_py.png>]
<./figures/state_discontinuity_scilab.png, id=266, 612.2875pt x 461.725pt>
File: ./figures/state_discontinuity_scilab.png Graphic file (type png)
<use ./figures/state_discontinuity_scilab.png>
Package pdftex.def Info: ./figures/state_discontinuity_scilab.png  used on inpu
t line 135.
(pdftex.def)             Requested size: 241.49895pt x 182.11517pt.
 [55 <./figures/state_discontinuity_sharp_radau_py.png>]
<./figures/state_discontinuity_sharp_sci.png, id=271, 612.2875pt x 461.725pt>
File: ./figures/state_discontinuity_sharp_sci.png Graphic file (type png)
<use ./figures/state_discontinuity_sharp_sci.png>
Package pdftex.def Info: ./figures/state_discontinuity_sharp_sci.png  used on i
nput line 146.
(pdftex.def)             Requested size: 241.49895pt x 182.11517pt.
[56 <./figures/state_discontinuity_scilab.png>]
<./figures/state_discontinuity_matlab.png, id=276, 526.96875pt x 395.22656pt>
File: ./figures/state_discontinuity_matlab.png Graphic file (type png)
<use ./figures/state_discontinuity_matlab.png>
Package pdftex.def Info: ./figures/state_discontinuity_matlab.png  used on inpu
t line 157.
(pdftex.def)             Requested size: 241.49895pt x 181.12495pt.
 [57 <./figures/state_discontinuity_sharp_sci.png>]
<./figures/state_discontinuity_sharp_matlab.png, id=281, 526.96875pt x 395.2265
6pt>
File: ./figures/state_discontinuity_sharp_matlab.png Graphic file (type png)
<use ./figures/state_discontinuity_sharp_matlab.png>
Package pdftex.def Info: ./figures/state_discontinuity_sharp_matlab.png  used o
n input line 165.
(pdftex.def)             Requested size: 241.49895pt x 181.12495pt.
 [58 <./figures/state_discontinuity_matlab.png (PNG copy)> <./figures/state_dis
continuity_sharp_matlab.png (PNG copy)>]
<./figures/comparison_state_default_sharp_event.png, id=285, 462.528pt x 346.89
6pt>
File: ./figures/comparison_state_default_sharp_event.png Graphic file (type png
)
<use ./figures/comparison_state_default_sharp_event.png>
Package pdftex.def Info: ./figures/comparison_state_default_sharp_event.png  us
ed on input line 179.
(pdftex.def)             Requested size: 241.49895pt x 181.12799pt.
 [59 <./figures/comparison_state_default_sharp_event.png>] [60] [61]
Overfull \hbox (15.0pt too wide) in paragraph at lines 223--264
[]$[]$ 
 []

[62]
<./figures/solve_state_discontinuity_R.png, id=300, 599.99156pt x 406.51875pt>
File: ./figures/solve_state_discontinuity_R.png Graphic file (type png)
<use ./figures/solve_state_discontinuity_R.png>
Package pdftex.def Info: ./figures/solve_state_discontinuity_R.png  used on inp
ut line 270.
(pdftex.def)             Requested size: 241.49895pt x 163.6219pt.
<./figures/solve_state_discontinuity_sharp_R.png, id=301, 599.99156pt x 406.518
75pt>
File: ./figures/solve_state_discontinuity_sharp_R.png Graphic file (type png)
<use ./figures/solve_state_discontinuity_sharp_R.png>
Package pdftex.def Info: ./figures/solve_state_discontinuity_sharp_R.png  used 
on input line 280.
(pdftex.def)             Requested size: 241.49895pt x 163.6219pt.
 [63 <./figures/solve_state_discontinuity_R.png>]
Overfull \hbox (3.77838pt too wide) in paragraph at lines 293--300
 [] 
 []

<./figures/solve_state_discontinuity_py.png, id=306, 462.528pt x 346.896pt>
File: ./figures/solve_state_discontinuity_py.png Graphic file (type png)
<use ./figures/solve_state_discontinuity_py.png>
Package pdftex.def Info: ./figures/solve_state_discontinuity_py.png  used on in
put line 312.
(pdftex.def)             Requested size: 241.49895pt x 181.12799pt.
[64 <./figures/solve_state_discontinuity_sharp_R.png>]

LaTeX Warning: `h' float specifier changed to `ht'.

<./figures/solve_state_discontinuity_scilab.png, id=311, 612.2875pt x 461.725pt
>
File: ./figures/solve_state_discontinuity_scilab.png Graphic file (type png)
<use ./figures/solve_state_discontinuity_scilab.png>
Package pdftex.def Info: ./figures/solve_state_discontinuity_scilab.png  used o
n input line 342.
(pdftex.def)             Requested size: 241.49895pt x 182.11517pt.
[65 <./figures/solve_state_discontinuity_py.png>]

LaTeX Warning: `h' float specifier changed to `ht'.

<./figures/solve_state_discontinuity_matlab.png, id=316, 526.96875pt x 395.2265
6pt>
File: ./figures/solve_state_discontinuity_matlab.png Graphic file (type png)
<use ./figures/solve_state_discontinuity_matlab.png>
Package pdftex.def Info: ./figures/solve_state_discontinuity_matlab.png  used o
n input line 364.
(pdftex.def)             Requested size: 241.49895pt x 181.12495pt.
[66 <./figures/solve_state_discontinuity_scilab.png>]

LaTeX Warning: `h' float specifier changed to `ht'.


Overfull \hbox (26.75415pt too wide) in paragraph at lines 383--383
[]\OT1/cmr/bx/n/12 Efficiency data and tol-er-ance study for the state-dependen
t
 []

[67 <./figures/solve_state_discontinuity_matlab.png (PNG copy)>]
<./figures/tolerance_state_lsoda_no_event_R.png, id=325, 599.99156pt x 406.5187
5pt>
File: ./figures/tolerance_state_lsoda_no_event_R.png Graphic file (type png)
<use ./figures/tolerance_state_lsoda_no_event_R.png>
Package pdftex.def Info: ./figures/tolerance_state_lsoda_no_event_R.png  used o
n input line 395.
(pdftex.def)             Requested size: 241.49895pt x 163.6219pt.


LaTeX Warning: `h' float specifier changed to `ht'.

<./figures/tolerance_state_lsoda_with_event_R.png, id=326, 599.99156pt x 406.51
875pt>
File: ./figures/tolerance_state_lsoda_with_event_R.png Graphic file (type png)
<use ./figures/tolerance_state_lsoda_with_event_R.png>
Package pdftex.def Info: ./figures/tolerance_state_lsoda_with_event_R.png  used
 on input line 402.
(pdftex.def)             Requested size: 241.49895pt x 163.6219pt.

LaTeX Warning: `h' float specifier changed to `ht'.


LaTeX Warning: `h' float specifier changed to `ht'.

[68]
<./figures/tolerance_state_lsoda_no_event_py.png, id=330, 462.528pt x 346.896pt
>
File: ./figures/tolerance_state_lsoda_no_event_py.png Graphic file (type png)
<use ./figures/tolerance_state_lsoda_no_event_py.png>
Package pdftex.def Info: ./figures/tolerance_state_lsoda_no_event_py.png  used 
on input line 435.
(pdftex.def)             Requested size: 241.49895pt x 181.12799pt.


LaTeX Warning: `h' float specifier changed to `ht'.

<./figures/tolerance_state_lsoda_with_event_py.png, id=331, 462.528pt x 346.896
pt>
File: ./figures/tolerance_state_lsoda_with_event_py.png Graphic file (type png)

<use ./figures/tolerance_state_lsoda_with_event_py.png>
Package pdftex.def Info: ./figures/tolerance_state_lsoda_with_event_py.png  use
d on input line 442.
(pdftex.def)             Requested size: 241.49895pt x 181.12799pt.

LaTeX Warning: `h' float specifier changed to `ht'.

[69 <./figures/tolerance_state_lsoda_no_event_R.png>] [70 <./figures/tolerance_
state_lsoda_with_event_R.png>]
<./figures/tolerance_state_lsoda_no_event_sci.png, id=340, 612.2875pt x 461.725
pt>
File: ./figures/tolerance_state_lsoda_no_event_sci.png Graphic file (type png)
<use ./figures/tolerance_state_lsoda_no_event_sci.png>
Package pdftex.def Info: ./figures/tolerance_state_lsoda_no_event_sci.png  used
 on input line 476.
(pdftex.def)             Requested size: 241.49895pt x 182.11517pt.


LaTeX Warning: `h' float specifier changed to `ht'.

<./figures/tolerance_state_lsoda_with_event_sci.png, id=341, 612.2875pt x 461.7
25pt>
File: ./figures/tolerance_state_lsoda_with_event_sci.png Graphic file (type png
)
<use ./figures/tolerance_state_lsoda_with_event_sci.png>
Package pdftex.def Info: ./figures/tolerance_state_lsoda_with_event_sci.png  us
ed on input line 483.
(pdftex.def)             Requested size: 241.49895pt x 182.11517pt.

LaTeX Warning: `h' float specifier changed to `ht'.


LaTeX Warning: `h' float specifier changed to `ht'.

[71 <./figures/tolerance_state_lsoda_no_event_py.png>]
<./figures/tolerance_state_rk45_no_event_R.png, id=346, 599.99156pt x 406.51875
pt>
File: ./figures/tolerance_state_rk45_no_event_R.png Graphic file (type png)
<use ./figures/tolerance_state_rk45_no_event_R.png>
Package pdftex.def Info: ./figures/tolerance_state_rk45_no_event_R.png  used on
 input line 521.
(pdftex.def)             Requested size: 241.49895pt x 163.6219pt.


LaTeX Warning: `h' float specifier changed to `ht'.

[72 <./figures/tolerance_state_lsoda_with_event_py.png>]

LaTeX Warning: `h' float specifier changed to `ht'.

<./figures/tolerance_state_rk45_no_event_py.png, id=352, 462.528pt x 346.896pt>

File: ./figures/tolerance_state_rk45_no_event_py.png Graphic file (type png)
<use ./figures/tolerance_state_rk45_no_event_py.png>
Package pdftex.def Info: ./figures/tolerance_state_rk45_no_event_py.png  used o
n input line 550.
(pdftex.def)             Requested size: 241.49895pt x 181.12799pt.

LaTeX Warning: `h' float specifier changed to `ht'.

<./figures/tolerance_state_rk45_with_event_py.png, id=353, 462.528pt x 346.896p
t>
File: ./figures/tolerance_state_rk45_with_event_py.png Graphic file (type png)
<use ./figures/tolerance_state_rk45_with_event_py.png>
Package pdftex.def Info: ./figures/tolerance_state_rk45_with_event_py.png  used
 on input line 557.
(pdftex.def)             Requested size: 241.49895pt x 181.12799pt.

LaTeX Warning: `h' float specifier changed to `ht'.


LaTeX Warning: `h' float specifier changed to `ht'.

[73 <./figures/tolerance_state_lsoda_no_event_sci.png>]
<./figures/tolerance_state_rk45_no_event_sci.png, id=358, 612.2875pt x 461.725p
t>
File: ./figures/tolerance_state_rk45_no_event_sci.png Graphic file (type png)
<use ./figures/tolerance_state_rk45_no_event_sci.png>
Package pdftex.def Info: ./figures/tolerance_state_rk45_no_event_sci.png  used 
on input line 588.
(pdftex.def)             Requested size: 241.49895pt x 182.11517pt.


LaTeX Warning: `h' float specifier changed to `ht'.


LaTeX Warning: `h' float specifier changed to `ht'.

<./figures/tolerance_state_rk45_no_event_matlab.png, id=359, 526.96875pt x 395.
22656pt>
File: ./figures/tolerance_state_rk45_no_event_matlab.png Graphic file (type png
)
<use ./figures/tolerance_state_rk45_no_event_matlab.png>
Package pdftex.def Info: ./figures/tolerance_state_rk45_no_event_matlab.png  us
ed on input line 614.
(pdftex.def)             Requested size: 241.49895pt x 181.12495pt.

LaTeX Warning: `h' float specifier changed to `ht'.

<./figures/tolerance_state_rk45_with_event_matlab.png, id=360, 526.96875pt x 39
5.22656pt>
File: ./figures/tolerance_state_rk45_with_event_matlab.png Graphic file (type p
ng)
<use ./figures/tolerance_state_rk45_with_event_matlab.png>
Package pdftex.def Info: ./figures/tolerance_state_rk45_with_event_matlab.png  
used on input line 623.
(pdftex.def)             Requested size: 241.49895pt x 181.12495pt.

LaTeX Warning: `h' float specifier changed to `ht'.


LaTeX Warning: `h' float specifier changed to `ht'.

[74 <./figures/tolerance_state_lsoda_with_event_sci.png>]) [75 <./figures/toler
ance_state_rk45_no_event_R.png>] [76 <./figures/tolerance_state_rk45_no_event_p
y.png>] [77 <./figures/tolerance_state_rk45_with_event_py.png> <./figures/toler
ance_state_rk45_no_event_sci.png>] [78 <./figures/tolerance_state_rk45_no_event
_matlab.png (PNG copy)>] [79 <./figures/tolerance_state_rk45_with_event_matlab.
png (PNG copy)>]
\openout2 = `exponentialChange.aux'.

 (exponentialChange.tex
Overfull \hbox (6.06796pt too wide) in paragraph at lines 1--1
[]\OT1/cmr/bx/n/14.4 Using con-ti-nously chang-ing pa-ram-e-ters in-stead
 []

<./figures/exp_inverse_sigmoid.png, id=385, 462.528pt x 346.896pt>
File: ./figures/exp_inverse_sigmoid.png Graphic file (type png)
<use ./figures/exp_inverse_sigmoid.png>
Package pdftex.def Info: ./figures/exp_inverse_sigmoid.png  used on input line 
22.
(pdftex.def)             Requested size: 241.49895pt x 181.12799pt.
[80



]
<./figures/exp_sigmoid.png, id=390, 462.528pt x 346.896pt>
File: ./figures/exp_sigmoid.png Graphic file (type png)
<use ./figures/exp_sigmoid.png>
Package pdftex.def Info: ./figures/exp_sigmoid.png  used on input line 39.
(pdftex.def)             Requested size: 241.49895pt x 181.12799pt.
 [81 <./figures/exp_inverse_sigmoid.png>]
<./figures/exp_thrashing_lsoda.png, id=395, 462.528pt x 346.896pt>
File: ./figures/exp_thrashing_lsoda.png Graphic file (type png)
<use ./figures/exp_thrashing_lsoda.png>
Package pdftex.def Info: ./figures/exp_thrashing_lsoda.png  used on input line 
52.
(pdftex.def)             Requested size: 241.49895pt x 181.12799pt.
 [82 <./figures/exp_sigmoid.png>]
<./figures/exp_thrashing_dop853.png, id=400, 462.528pt x 346.896pt>
File: ./figures/exp_thrashing_dop853.png Graphic file (type png)
<use ./figures/exp_thrashing_dop853.png>
Package pdftex.def Info: ./figures/exp_thrashing_dop853.png  used on input line
 59.
(pdftex.def)             Requested size: 241.49895pt x 181.12799pt.

Overfull \hbox (4.20688pt too wide) in paragraph at lines 66--66
[]\OT1/cmr/bx/n/12 Time-dependent dis-con-ti-nu-ity with ex-po-nen-tial change 

 []

[83 <./figures/exp_thrashing_lsoda.png> <./figures/exp_thrashing_dop853.png>]
Overfull \hbox (15.0pt too wide) in paragraph at lines 73--82
[]$[]$ 
 []

<./figures/exp_time_naive_0_1.png, id=406, 462.528pt x 346.896pt>
File: ./figures/exp_time_naive_0_1.png Graphic file (type png)
<use ./figures/exp_time_naive_0_1.png>
Package pdftex.def Info: ./figures/exp_time_naive_0_1.png  used on input line 8
7.
(pdftex.def)             Requested size: 241.49895pt x 181.12799pt.
<./figures/exp_time_naive_1.png, id=407, 462.528pt x 346.896pt>
File: ./figures/exp_time_naive_1.png Graphic file (type png)
<use ./figures/exp_time_naive_1.png>
Package pdftex.def Info: ./figures/exp_time_naive_1.png  used on input line 96.

(pdftex.def)             Requested size: 241.49895pt x 181.12799pt.
[84 <./figures/exp_time_naive_0_1.png>]
<./figures/exp_time_naive_10.png, id=413, 462.528pt x 346.896pt>
File: ./figures/exp_time_naive_10.png Graphic file (type png)
<use ./figures/exp_time_naive_10.png>
Package pdftex.def Info: ./figures/exp_time_naive_10.png  used on input line 10
5.
(pdftex.def)             Requested size: 241.49895pt x 181.12799pt.
 [85 <./figures/exp_time_naive_1.png> <./figures/exp_time_naive_10.png>]
Overfull \hbox (16.0342pt too wide) in paragraph at lines 117--117
[]\OT1/cmr/bx/n/10 Solving the time-dependent dis-con-ti-nu-ity with ex-po-nen-
tial change
 []


Overfull \hbox (9.0036pt too wide) in paragraph at lines 128--129
[][][][][][][][][][][][][] 
 []


Overfull \hbox (15.0pt too wide) in paragraph at lines 124--139
[]$[]$ 
 []

<./figures/exp_time_disc_hand_0_1.png, id=419, 462.528pt x 346.896pt>
File: ./figures/exp_time_disc_hand_0_1.png Graphic file (type png)
<use ./figures/exp_time_disc_hand_0_1.png>
Package pdftex.def Info: ./figures/exp_time_disc_hand_0_1.png  used on input li
ne 144.
(pdftex.def)             Requested size: 241.49895pt x 181.12799pt.
[86]
<./figures/exp_time_disc_hand_1.png, id=423, 462.528pt x 346.896pt>
File: ./figures/exp_time_disc_hand_1.png Graphic file (type png)
<use ./figures/exp_time_disc_hand_1.png>
Package pdftex.def Info: ./figures/exp_time_disc_hand_1.png  used on input line
 151.
(pdftex.def)             Requested size: 241.49895pt x 181.12799pt.
<./figures/exp_time_disc_hand_10.png, id=424, 462.528pt x 346.896pt>
File: ./figures/exp_time_disc_hand_10.png Graphic file (type png)
<use ./figures/exp_time_disc_hand_10.png>
Package pdftex.def Info: ./figures/exp_time_disc_hand_10.png  used on input lin
e 158.
(pdftex.def)             Requested size: 241.49895pt x 181.12799pt.
 [87 <./figures/exp_time_disc_hand_0_1.png> <./figures/exp_time_disc_hand_1.png
>] [88 <./figures/exp_time_disc_hand_10.png>]
<./figures/exp_time_tol_lsoda_no_event_0_1.png, id=434, 462.528pt x 346.896pt>
File: ./figures/exp_time_tol_lsoda_no_event_0_1.png Graphic file (type png)
<use ./figures/exp_time_tol_lsoda_no_event_0_1.png>
Package pdftex.def Info: ./figures/exp_time_tol_lsoda_no_event_0_1.png  used on
 input line 220.
(pdftex.def)             Requested size: 241.49895pt x 181.12799pt.
 [89]
<./figures/exp_time_tol_lsoda_event_0_1.png, id=438, 462.528pt x 346.896pt>
File: ./figures/exp_time_tol_lsoda_event_0_1.png Graphic file (type png)
<use ./figures/exp_time_tol_lsoda_event_0_1.png>
Package pdftex.def Info: ./figures/exp_time_tol_lsoda_event_0_1.png  used on in
put line 227.
(pdftex.def)             Requested size: 241.49895pt x 181.12799pt.
 [90 <./figures/exp_time_tol_lsoda_no_event_0_1.png> <./figures/exp_time_tol_ls
oda_event_0_1.png>]
<./figures/exp_time_tol_lsoda_no_event_1.png, id=445, 462.528pt x 346.896pt>
File: ./figures/exp_time_tol_lsoda_no_event_1.png Graphic file (type png)
<use ./figures/exp_time_tol_lsoda_no_event_1.png>
Package pdftex.def Info: ./figures/exp_time_tol_lsoda_no_event_1.png  used on i
nput line 252.
(pdftex.def)             Requested size: 241.49895pt x 181.12799pt.
<./figures/exp_time_tol_lsoda_event_1.png, id=446, 462.528pt x 346.896pt>
File: ./figures/exp_time_tol_lsoda_event_1.png Graphic file (type png)
<use ./figures/exp_time_tol_lsoda_event_1.png>
Package pdftex.def Info: ./figures/exp_time_tol_lsoda_event_1.png  used on inpu
t line 259.
(pdftex.def)             Requested size: 241.49895pt x 181.12799pt.

[91 <./figures/exp_time_tol_lsoda_no_event_1.png>]
<./figures/exp_time_tol_lsoda_no_event_10.png, id=451, 462.528pt x 346.896pt>
File: ./figures/exp_time_tol_lsoda_no_event_10.png Graphic file (type png)
<use ./figures/exp_time_tol_lsoda_no_event_10.png>
Package pdftex.def Info: ./figures/exp_time_tol_lsoda_no_event_10.png  used on 
input line 285.
(pdftex.def)             Requested size: 241.49895pt x 181.12799pt.
 [92 <./figures/exp_time_tol_lsoda_event_1.png>]
<./figures/exp_time_tol_lsoda_event_10.png, id=456, 462.528pt x 346.896pt>
File: ./figures/exp_time_tol_lsoda_event_10.png Graphic file (type png)
<use ./figures/exp_time_tol_lsoda_event_10.png>
Package pdftex.def Info: ./figures/exp_time_tol_lsoda_event_10.png  used on inp
ut line 292.
(pdftex.def)             Requested size: 241.49895pt x 181.12799pt.
 [93 <./figures/exp_time_tol_lsoda_no_event_10.png> <./figures/exp_time_tol_lso
da_event_10.png>]
<./figures/exp_time_tol_rk45_no_event_0_1.png, id=462, 462.528pt x 346.896pt>
File: ./figures/exp_time_tol_rk45_no_event_0_1.png Graphic file (type png)
<use ./figures/exp_time_tol_rk45_no_event_0_1.png>
Package pdftex.def Info: ./figures/exp_time_tol_rk45_no_event_0_1.png  used on 
input line 319.
(pdftex.def)             Requested size: 241.49895pt x 181.12799pt.
<./figures/exp_time_tol_rk45_event_0_1.png, id=463, 462.528pt x 346.896pt>
File: ./figures/exp_time_tol_rk45_event_0_1.png Graphic file (type png)
<use ./figures/exp_time_tol_rk45_event_0_1.png>
Package pdftex.def Info: ./figures/exp_time_tol_rk45_event_0_1.png  used on inp
ut line 326.
(pdftex.def)             Requested size: 241.49895pt x 181.12799pt.
 [94 <./figures/exp_time_tol_rk45_no_event_0_1.png>]
<./figures/exp_time_tol_rk45_no_event_1.png, id=468, 462.528pt x 346.896pt>
File: ./figures/exp_time_tol_rk45_no_event_1.png Graphic file (type png)
<use ./figures/exp_time_tol_rk45_no_event_1.png>
Package pdftex.def Info: ./figures/exp_time_tol_rk45_no_event_1.png  used on in
put line 351.
(pdftex.def)             Requested size: 241.49895pt x 181.12799pt.
 [95 <./figures/exp_time_tol_rk45_event_0_1.png>]
<./figures/exp_time_tol_rk45_event_1.png, id=473, 462.528pt x 346.896pt>
File: ./figures/exp_time_tol_rk45_event_1.png Graphic file (type png)
<use ./figures/exp_time_tol_rk45_event_1.png>
Package pdftex.def Info: ./figures/exp_time_tol_rk45_event_1.png  used on input
 line 358.
(pdftex.def)             Requested size: 241.49895pt x 181.12799pt.
 [96 <./figures/exp_time_tol_rk45_no_event_1.png> <./figures/exp_time_tol_rk45_
event_1.png>]
<./figures/exp_time_tol_rk45_no_event_10.png, id=480, 462.528pt x 346.896pt>
File: ./figures/exp_time_tol_rk45_no_event_10.png Graphic file (type png)
<use ./figures/exp_time_tol_rk45_no_event_10.png>
Package pdftex.def Info: ./figures/exp_time_tol_rk45_no_event_10.png  used on i
nput line 384.
(pdftex.def)             Requested size: 241.49895pt x 181.12799pt.
<./figures/exp_time_tol_rk45_event_10.png, id=481, 462.528pt x 346.896pt>
File: ./figures/exp_time_tol_rk45_event_10.png Graphic file (type png)
<use ./figures/exp_time_tol_rk45_event_10.png>
Package pdftex.def Info: ./figures/exp_time_tol_rk45_event_10.png  used on inpu
t line 391.
(pdftex.def)             Requested size: 241.49895pt x 181.12799pt.

[97 <./figures/exp_time_tol_rk45_no_event_10.png>]
Overfull \hbox (4.38051pt too wide) in paragraph at lines 413--413
[]\OT1/cmr/bx/n/12 State-dependent dis-con-ti-nu-ity with ex-po-nen-tial change
 
 []

[98 <./figures/exp_time_tol_rk45_event_10.png>]
Overfull \hbox (21.00372pt too wide) in paragraph at lines 435--436
[][][][][][][][][][][][] 
 []


Overfull \hbox (15.0pt too wide) in paragraph at lines 427--455
[]$[]$ 
 []

[99]
<./figures/exp_state_naive_0_1.png, id=493, 462.528pt x 346.896pt>
File: ./figures/exp_state_naive_0_1.png Graphic file (type png)
<use ./figures/exp_state_naive_0_1.png>
Package pdftex.def Info: ./figures/exp_state_naive_0_1.png  used on input line 
460.
(pdftex.def)             Requested size: 241.49895pt x 181.12799pt.
<./figures/exp_state_naive_radau_0_1.png, id=494, 462.528pt x 346.896pt>
File: ./figures/exp_state_naive_radau_0_1.png Graphic file (type png)
<use ./figures/exp_state_naive_radau_0_1.png>
Package pdftex.def Info: ./figures/exp_state_naive_radau_0_1.png  used on input
 line 467.
(pdftex.def)             Requested size: 241.49895pt x 181.12799pt.
 [100 <./figures/exp_state_naive_0_1.png>]
<./figures/exp_state_naive_1.png, id=499, 462.528pt x 346.896pt>
File: ./figures/exp_state_naive_1.png Graphic file (type png)
<use ./figures/exp_state_naive_1.png>
Package pdftex.def Info: ./figures/exp_state_naive_1.png  used on input line 47
4.
(pdftex.def)             Requested size: 241.49895pt x 181.12799pt.
<./figures/exp_state_naive_radau_1.png, id=500, 462.528pt x 346.896pt>
File: ./figures/exp_state_naive_radau_1.png Graphic file (type png)
<use ./figures/exp_state_naive_radau_1.png>
Package pdftex.def Info: ./figures/exp_state_naive_radau_1.png  used on input l
ine 481.
(pdftex.def)             Requested size: 241.49895pt x 181.12799pt.
 [101 <./figures/exp_state_naive_radau_0_1.png> <./figures/exp_state_naive_1.pn
g>]
<./figures/exp_state_naive_10.png, id=506, 462.528pt x 346.896pt>
File: ./figures/exp_state_naive_10.png Graphic file (type png)
<use ./figures/exp_state_naive_10.png>
Package pdftex.def Info: ./figures/exp_state_naive_10.png  used on input line 4
89.
(pdftex.def)             Requested size: 241.49895pt x 181.12799pt.
<./figures/exp_state_naive_radau_10.png, id=507, 462.528pt x 346.896pt>
File: ./figures/exp_state_naive_radau_10.png Graphic file (type png)
<use ./figures/exp_state_naive_radau_10.png>
Package pdftex.def Info: ./figures/exp_state_naive_radau_10.png  used on input 
line 496.
(pdftex.def)             Requested size: 241.49895pt x 181.12799pt.
 [102 <./figures/exp_state_naive_radau_1.png> <./figures/exp_state_naive_10.png
>]
<./figures/exp_state_naive_sharp_0_1.png, id=514, 462.528pt x 346.896pt>
File: ./figures/exp_state_naive_sharp_0_1.png Graphic file (type png)
<use ./figures/exp_state_naive_sharp_0_1.png>
Package pdftex.def Info: ./figures/exp_state_naive_sharp_0_1.png  used on input
 line 507.
(pdftex.def)             Requested size: 241.49895pt x 181.12799pt.
<./figures/exp_state_naive_sharp_1.png, id=515, 462.528pt x 346.896pt>
File: ./figures/exp_state_naive_sharp_1.png Graphic file (type png)
<use ./figures/exp_state_naive_sharp_1.png>
Package pdftex.def Info: ./figures/exp_state_naive_sharp_1.png  used on input l
ine 515.
(pdftex.def)             Requested size: 241.49895pt x 181.12799pt.
 [103 <./figures/exp_state_naive_radau_10.png> <./figures/exp_state_naive_sharp
_0_1.png>]
<./figures/exp_state_naive_sharp_10.png, id=521, 462.528pt x 346.896pt>
File: ./figures/exp_state_naive_sharp_10.png Graphic file (type png)
<use ./figures/exp_state_naive_sharp_10.png>
Package pdftex.def Info: ./figures/exp_state_naive_sharp_10.png  used on input 
line 522.
(pdftex.def)             Requested size: 241.49895pt x 181.12799pt.

Overfull \hbox (17.85498pt too wide) in paragraph at lines 528--528
[]\OT1/cmr/bx/n/10 Solving the state-dependent dis-con-ti-nu-ity with ex-po-nen
-tial change
 []

[104 <./figures/exp_state_naive_sharp_1.png> <./figures/exp_state_naive_sharp_1
0.png>]
Overfull \hbox (15.0pt too wide) in paragraph at lines 536--577
[]$[]$ 
 []

[105]
<./figures/exp_state_event_0_1.png, id=530, 474.8139pt x 364.9635pt>
File: ./figures/exp_state_event_0_1.png Graphic file (type png)
<use ./figures/exp_state_event_0_1.png>
Package pdftex.def Info: ./figures/exp_state_event_0_1.png  used on input line 
582.
(pdftex.def)             Requested size: 241.49895pt x 185.62215pt.
 [106]
<./figures/exp_state_event_1.png, id=534, 462.528pt x 346.896pt>
File: ./figures/exp_state_event_1.png Graphic file (type png)
<use ./figures/exp_state_event_1.png>
Package pdftex.def Info: ./figures/exp_state_event_1.png  used on input line 60
4.
(pdftex.def)             Requested size: 241.49895pt x 181.12799pt.
 [107 <./figures/exp_state_event_0_1.png>]
<./figures/exp_state_event_10.png, id=539, 462.528pt x 346.896pt>
File: ./figures/exp_state_event_10.png Graphic file (type png)
<use ./figures/exp_state_event_10.png>
Package pdftex.def Info: ./figures/exp_state_event_10.png  used on input line 6
27.
(pdftex.def)             Requested size: 241.49895pt x 181.12799pt.
 [108 <./figures/exp_state_event_1.png>]
Overfull \hbox (2.00104pt too wide) in paragraph at lines 648--648
[]\OT1/cmr/bx/n/10 LSODA state-dependent dis-con-ti-nu-ity prob-lem tol-er-ance
 study 
 []

<./figures/exp_state_tol_lsoda_no_event_0_1.png, id=545, 462.528pt x 346.896pt>

File: ./figures/exp_state_tol_lsoda_no_event_0_1.png Graphic file (type png)
<use ./figures/exp_state_tol_lsoda_no_event_0_1.png>
Package pdftex.def Info: ./figures/exp_state_tol_lsoda_no_event_0_1.png  used o
n input line 653.
(pdftex.def)             Requested size: 241.49895pt x 181.12799pt.
[109 <./figures/exp_state_event_10.png>]
<./figures/exp_state_tol_lsoda_event_0_1.png, id=550, 462.528pt x 346.896pt>
File: ./figures/exp_state_tol_lsoda_event_0_1.png Graphic file (type png)
<use ./figures/exp_state_tol_lsoda_event_0_1.png>
Package pdftex.def Info: ./figures/exp_state_tol_lsoda_event_0_1.png  used on i
nput line 660.
(pdftex.def)             Requested size: 241.49895pt x 181.12799pt.
 [110 <./figures/exp_state_tol_lsoda_no_event_0_1.png> <./figures/exp_state_tol
_lsoda_event_0_1.png>]
<./figures/exp_state_tol_lsoda_no_event_1.png, id=556, 462.528pt x 346.896pt>
File: ./figures/exp_state_tol_lsoda_no_event_1.png Graphic file (type png)
<use ./figures/exp_state_tol_lsoda_no_event_1.png>
Package pdftex.def Info: ./figures/exp_state_tol_lsoda_no_event_1.png  used on 
input line 685.
(pdftex.def)             Requested size: 241.49895pt x 181.12799pt.
<./figures/exp_state_tol_lsoda_event_1.png, id=557, 462.528pt x 346.896pt>
File: ./figures/exp_state_tol_lsoda_event_1.png Graphic file (type png)
<use ./figures/exp_state_tol_lsoda_event_1.png>
Package pdftex.def Info: ./figures/exp_state_tol_lsoda_event_1.png  used on inp
ut line 692.
(pdftex.def)             Requested size: 241.49895pt x 181.12799pt.
 [111 <./figures/exp_state_tol_lsoda_no_event_1.png>]
<./figures/exp_state_tol_lsoda_no_event_10.png, id=562, 462.528pt x 346.896pt>
File: ./figures/exp_state_tol_lsoda_no_event_10.png Graphic file (type png)
<use ./figures/exp_state_tol_lsoda_no_event_10.png>
Package pdftex.def Info: ./figures/exp_state_tol_lsoda_no_event_10.png  used on
 input line 719.
(pdftex.def)             Requested size: 241.49895pt x 181.12799pt.
 [112 <./figures/exp_state_tol_lsoda_event_1.png>]
<./figures/exp_state_tol_lsoda_event_10.png, id=567, 462.528pt x 346.896pt>
File: ./figures/exp_state_tol_lsoda_event_10.png Graphic file (type png)
<use ./figures/exp_state_tol_lsoda_event_10.png>
Package pdftex.def Info: ./figures/exp_state_tol_lsoda_event_10.png  used on in
put line 726.
(pdftex.def)             Requested size: 241.49895pt x 181.12799pt.
 [113 <./figures/exp_state_tol_lsoda_no_event_10.png> <./figures/exp_state_tol_
lsoda_event_10.png>]
<./figures/exp_state_tol_rk45_no_event_0_1.png, id=573, 462.528pt x 346.896pt>
File: ./figures/exp_state_tol_rk45_no_event_0_1.png Graphic file (type png)
<use ./figures/exp_state_tol_rk45_no_event_0_1.png>
Package pdftex.def Info: ./figures/exp_state_tol_rk45_no_event_0_1.png  used on
 input line 755.
(pdftex.def)             Requested size: 241.49895pt x 181.12799pt.
<./figures/exp_state_tol_rk45_event_0_1.png, id=574, 462.528pt x 346.896pt>
File: ./figures/exp_state_tol_rk45_event_0_1.png Graphic file (type png)
<use ./figures/exp_state_tol_rk45_event_0_1.png>
Package pdftex.def Info: ./figures/exp_state_tol_rk45_event_0_1.png  used on in
put line 762.
(pdftex.def)             Requested size: 241.49895pt x 181.12799pt.
 [114 <./figures/exp_state_tol_rk45_no_event_0_1.png>]
<./figures/exp_state_tol_rk45_no_event_1.png, id=580, 462.528pt x 346.896pt>
File: ./figures/exp_state_tol_rk45_no_event_1.png Graphic file (type png)
<use ./figures/exp_state_tol_rk45_no_event_1.png>
Package pdftex.def Info: ./figures/exp_state_tol_rk45_no_event_1.png  used on i
nput line 787.
(pdftex.def)             Requested size: 241.49895pt x 181.12799pt.
 [115 <./figures/exp_state_tol_rk45_event_0_1.png>]
<./figures/exp_state_tol_rk45_event_1.png, id=585, 462.528pt x 346.896pt>
File: ./figures/exp_state_tol_rk45_event_1.png Graphic file (type png)
<use ./figures/exp_state_tol_rk45_event_1.png>
Package pdftex.def Info: ./figures/exp_state_tol_rk45_event_1.png  used on inpu
t line 794.
(pdftex.def)             Requested size: 241.49895pt x 181.12799pt.
 [116 <./figures/exp_state_tol_rk45_no_event_1.png> <./figures/exp_state_tol_rk
45_event_1.png>]
<./figures/exp_state_tol_rk45_no_event_10.png, id=591, 462.528pt x 346.896pt>
File: ./figures/exp_state_tol_rk45_no_event_10.png Graphic file (type png)
<use ./figures/exp_state_tol_rk45_no_event_10.png>
Package pdftex.def Info: ./figures/exp_state_tol_rk45_no_event_10.png  used on 
input line 821.
(pdftex.def)             Requested size: 241.49895pt x 181.12799pt.
<./figures/exp_state_tol_rk45_event_10.png, id=592, 462.528pt x 346.896pt>
File: ./figures/exp_state_tol_rk45_event_10.png Graphic file (type png)
<use ./figures/exp_state_tol_rk45_event_10.png>
Package pdftex.def Info: ./figures/exp_state_tol_rk45_event_10.png  used on inp
ut line 828.
(pdftex.def)             Requested size: 241.49895pt x 181.12799pt.
 [117 <./figures/exp_state_tol_rk45_no_event_10.png>]) [118 <./figures/exp_stat
e_tol_rk45_event_10.png>]
\openout2 = `investigation.aux'.

 (investigation.tex
<./figures/fortran_radau_tol_6.png, id=601, 612.2875pt x 461.725pt>
File: ./figures/fortran_radau_tol_6.png Graphic file (type png)
<use ./figures/fortran_radau_tol_6.png>
Package pdftex.def Info: ./figures/fortran_radau_tol_6.png  used on input line 
12.
(pdftex.def)             Requested size: 241.49895pt x 182.11517pt.
<./figures/fortran_radau_tol_12.png, id=602, 612.2875pt x 461.725pt>
File: ./figures/fortran_radau_tol_12.png Graphic file (type png)
<use ./figures/fortran_radau_tol_12.png>
Package pdftex.def Info: ./figures/fortran_radau_tol_12.png  used on input line
 21.
(pdftex.def)             Requested size: 241.49895pt x 182.11517pt.


LaTeX Warning: `h' float specifier changed to `ht'.

) [119



 <./figures/fortran_radau_tol_6.png>] [120 <./figures/fortran_radau_tol_12.png>
]
\openout2 = `summary.aux'.

 (summary.tex [121



]) [122] (Report.bbl [123


]) [124] (Report.aux
(introduction.aux) (timeProblem.aux) (stateProblem.aux) (exponentialChange.aux)
(investigation.aux) (summary.aux))

LaTeX Warning: There were multiply-defined labels.

 ) 
Here is how much of TeX's memory you used:
 7932 strings out of 478659
 170329 string characters out of 2845920
 607299 words of memory out of 3000000
 25825 multiletter control sequences out of 15000+600000
 411974 words of font info for 60 fonts, out of 8000000 for 9000
 1141 hyphenation exceptions out of 8191
 55i,8n,79p,1346b,1537s stack positions out of 5000i,500n,10000p,200000b,80000s
 <C:\Users\huago\AppData\Local\MiKTeX\fonts/pk/ljfour/jknappen/ec/dpi600\tcrm
1000.pk><C:/Users/huago/AppData/Local/Programs/MiKTeX/fonts/type1/public/amsfon
ts/cm/cmbx10.pfb><C:/Users/huago/AppData/Local/Programs/MiKTeX/fonts/type1/publ
ic/amsfonts/cm/cmbx12.pfb><C:/Users/huago/AppData/Local/Programs/MiKTeX/fonts/t
ype1/public/amsfonts/cm/cmmi10.pfb><C:/Users/huago/AppData/Local/Programs/MiKTe
X/fonts/type1/public/amsfonts/cm/cmmi5.pfb><C:/Users/huago/AppData/Local/Progra
ms/MiKTeX/fonts/type1/public/amsfonts/cm/cmmi7.pfb><C:/Users/huago/AppData/Loca
l/Programs/MiKTeX/fonts/type1/public/amsfonts/cm/cmr10.pfb><C:/Users/huago/AppD
ata/Local/Programs/MiKTeX/fonts/type1/public/amsfonts/cm/cmr12.pfb><C:/Users/hu
ago/AppData/Local/Programs/MiKTeX/fonts/type1/public/amsfonts/cm/cmr17.pfb><C:/
Users/huago/AppData/Local/Programs/MiKTeX/fonts/type1/public/amsfonts/cm/cmr7.p
fb><C:/Users/huago/AppData/Local/Programs/MiKTeX/fonts/type1/public/amsfonts/cm
/cmsy10.pfb><C:/Users/huago/AppData/Local/Programs/MiKTeX/fonts/type1/public/am
sfonts/cm/cmsy7.pfb><C:/Users/huago/AppData/Local/Programs/MiKTeX/fonts/type1/p
ublic/amsfonts/cm/cmti10.pfb>
Output written on Report.pdf (125 pages, 4037600 bytes).
PDF statistics:
 683 PDF objects out of 1000 (max. 8388607)
 0 named destinations out of 1000 (max. 500000)
 556 words of extra memory for PDF output out of 10000 (max. 10000000)

