This is pdfTeX, Version 3.141592653-2.6-1.40.24 (MiKTeX 21.12.10) (preloaded format=pdflatex 2022.1.21)  21 JAN 2022 20:58
entering extended mode
 restricted \write18 enabled.
 %&-line parsing enabled.
**./trial.tex
(trial.tex
LaTeX2e <2021-11-15> patch level 1
L3 programming layer <2021-11-22>
(C:\Users\huago\AppData\Local\Programs\MiKTeX\tex/latex/base\article.cls
Document Class: article 2021/10/04 v1.4n Standard LaTeX document class
(C:\Users\huago\AppData\Local\Programs\MiKTeX\tex/latex/base\size10.clo
File: size10.clo 2021/10/04 v1.4n Standard LaTeX file (size option)
)
\c@part=\count183
\c@section=\count184
\c@subsection=\count185
\c@subsubsection=\count186
\c@paragraph=\count187
\c@subparagraph=\count188
\c@figure=\count189
\c@table=\count190
\abovecaptionskip=\skip47
\belowcaptionskip=\skip48
\bibindent=\dimen138
)
(C:\Users\huago\AppData\Local\Programs\MiKTeX\tex/latex/amsfonts\amssymb.sty
Package: amssymb 2013/01/14 v3.01 AMS font symbols

(C:\Users\huago\AppData\Local\Programs\MiKTeX\tex/latex/amsfonts\amsfonts.sty
Package: amsfonts 2013/01/14 v3.01 Basic AMSFonts support
\@emptytoks=\toks16
\symAMSa=\mathgroup4
\symAMSb=\mathgroup5
LaTeX Font Info:    Redeclaring math symbol \hbar on input line 98.
LaTeX Font Info:    Overwriting math alphabet `\mathfrak' in version `bold'
(Font)                  U/euf/m/n --> U/euf/b/n on input line 106.
)) (C:\Users\huago\AppData\Local\Programs\MiKTeX\tex/latex/graphics\graphicx.st
y
Package: graphicx 2021/09/16 v1.2d Enhanced LaTeX Graphics (DPC,SPQR)

(C:\Users\huago\AppData\Local\Programs\MiKTeX\tex/latex/graphics\keyval.sty
Package: keyval 2014/10/28 v1.15 key=value parser (DPC)
\KV@toks@=\toks17
)
(C:\Users\huago\AppData\Local\Programs\MiKTeX\tex/latex/graphics\graphics.sty
Package: graphics 2021/03/04 v1.4d Standard LaTeX Graphics (DPC,SPQR)

(C:\Users\huago\AppData\Local\Programs\MiKTeX\tex/latex/graphics\trig.sty
Package: trig 2021/08/11 v1.11 sin cos tan (DPC)
)
(C:\Users\huago\AppData\Local\Programs\MiKTeX\tex/latex/graphics-cfg\graphics.c
fg
File: graphics.cfg 2016/06/04 v1.11 sample graphics configuration
)
Package graphics Info: Driver file: pdftex.def on input line 107.

(C:\Users\huago\AppData\Local\Programs\MiKTeX\tex/latex/graphics-def\pdftex.def
File: pdftex.def 2020/10/05 v1.2a Graphics/color driver for pdftex
))
\Gin@req@height=\dimen139
\Gin@req@width=\dimen140
) (C:\Users\huago\AppData\Local\Programs\MiKTeX\tex/latex/caption\caption.sty
Package: caption 2020/10/26 v3.5g Customizing captions (AR)
(C:\Users\huago\AppData\Local\Programs\MiKTeX\tex/latex/caption\caption3.sty
Package: caption3 2020/10/21 v2.2e caption3 kernel (AR)
\captionmargin=\dimen141
\captionmargin@=\dimen142
\captionwidth=\dimen143
\caption@tempdima=\dimen144
\caption@indent=\dimen145
\caption@parindent=\dimen146
\caption@hangindent=\dimen147
Package caption Info: Standard document class detected.
)
\c@caption@flags=\count191
\c@continuedfloat=\count192
)
(C:\Users\huago\AppData\Local\Programs\MiKTeX\tex/latex/caption\subcaption.sty
Package: subcaption 2020/10/07 v1.3j Sub-captions (AR)
\c@subfigure=\count193
\c@subtable=\count194
) (C:\Users\huago\AppData\Local\Programs\MiKTeX\tex/latex/listings\listings.sty
\lst@mode=\count195
\lst@gtempboxa=\box50
\lst@token=\toks18
\lst@length=\count196
\lst@currlwidth=\dimen148
\lst@column=\count197
\lst@pos=\count198
\lst@lostspace=\dimen149
\lst@width=\dimen150
\lst@newlines=\count199
\lst@lineno=\count266
\lst@maxwidth=\dimen151

(C:\Users\huago\AppData\Local\Programs\MiKTeX\tex/latex/listings\lstmisc.sty
File: lstmisc.sty 2020/03/24 1.8d (Carsten Heinz)
\c@lstnumber=\count267
\lst@skipnumbers=\count268
\lst@framebox=\box51
)
(C:\Users\huago\AppData\Local\Programs\MiKTeX\tex/latex/listings\listings.cfg
File: listings.cfg 2020/03/24 1.8d listings configuration
))
Package: listings 2020/03/24 1.8d (Carsten Heinz)
(C:\Users\huago\AppData\Local\Programs\MiKTeX\tex/latex/float\float.sty
Package: float 2001/11/08 v1.3d Float enhancements (AL)
\c@float@type=\count269
\float@exts=\toks19
\float@box=\box52
\@float@everytoks=\toks20
\@floatcapt=\box53
)
(C:\Users\huago\AppData\Local\Programs\MiKTeX\tex/latex/adjustbox\adjustbox.sty
Package: adjustbox 2020/08/19 v1.3 Adjusting TeX boxes (trim, clip, ...)
(C:\Users\huago\AppData\Local\Programs\MiKTeX\tex/latex/xkeyval\xkeyval.sty
Package: xkeyval 2020/11/20 v2.8 package option processing (HA)

(C:\Users\huago\AppData\Local\Programs\MiKTeX\tex/generic/xkeyval\xkeyval.tex
(C:\Users\huago\AppData\Local\Programs\MiKTeX\tex/generic/xkeyval\xkvutils.tex
\XKV@toks=\toks21
\XKV@tempa@toks=\toks22
)
\XKV@depth=\count270
File: xkeyval.tex 2014/12/03 v2.7a key=value parser (HA)
))
(C:\Users\huago\AppData\Local\Programs\MiKTeX\tex/latex/adjustbox\adjcalc.sty
Package: adjcalc 2012/05/16 v1.1 Provides advanced setlength with multiple back
-ends (calc, etex, pgfmath)
)
(C:\Users\huago\AppData\Local\Programs\MiKTeX\tex/latex/adjustbox\trimclip.sty
Package: trimclip 2020/08/19 v1.2 Trim and clip general TeX material

(C:\Users\huago\AppData\Local\Programs\MiKTeX\tex/latex/collectbox\collectbox.s
ty
Package: collectbox 2012/05/17 v0.4b Collect macro arguments as boxes
\collectedbox=\box54
)
\tc@llx=\dimen152
\tc@lly=\dimen153
\tc@urx=\dimen154
\tc@ury=\dimen155
Package trimclip Info: Using driver 'tc-pdftex.def'.

(C:\Users\huago\AppData\Local\Programs\MiKTeX\tex/latex/adjustbox\tc-pdftex.def
File: tc-pdftex.def 2019/01/04 v2.2 Clipping driver for pdftex
))
\adjbox@Width=\dimen156
\adjbox@Height=\dimen157
\adjbox@Depth=\dimen158
\adjbox@Totalheight=\dimen159
\adjbox@pwidth=\dimen160
\adjbox@pheight=\dimen161
\adjbox@pdepth=\dimen162
\adjbox@ptotalheight=\dimen163

(C:\Users\huago\AppData\Local\Programs\MiKTeX\tex/latex/ifoddpage\ifoddpage.sty
Package: ifoddpage 2016/04/23 v1.1 Conditionals for odd/even page detection
\c@checkoddpage=\count271
) (C:\Users\huago\AppData\Local\Programs\MiKTeX\tex/latex/varwidth\varwidth.sty
Package: varwidth 2009/03/30 ver 0.92;  Variable-width minipages
\@vwid@box=\box55
\sift@deathcycles=\count272
\@vwid@loff=\dimen164
\@vwid@roff=\dimen165
)) (C:\Users\huago\AppData\Local\Programs\MiKTeX\tex/latex/apacite\apacite.sty
Package: apacite 2013/07/21 v6.03 APA citation
\c@BibCnt=\count273
\bibleftmargin=\skip49
\bibindent=\skip50
\bibparsep=\skip51
\bibitemsep=\skip52
\biblabelsep=\skip53
)
(C:\Users\huago\AppData\Local\Programs\MiKTeX\tex/latex/l3backend\l3backend-pdf
tex.def
File: l3backend-pdftex.def 2021-12-14 L3 backend support: PDF output (pdfTeX)
\l__color_backend_stack_int=\count274
\l__pdf_internal_box=\box56
) (trial.aux (introduction.aux) (timeProblem.aux) (stateProblem.aux)
(investigation.aux) (summary.aux) (ebolaPaper.aux))
\openout1 = `trial.aux'.

LaTeX Font Info:    Checking defaults for OML/cmm/m/it on input line 12.
LaTeX Font Info:    ... okay on input line 12.
LaTeX Font Info:    Checking defaults for OMS/cmsy/m/n on input line 12.
LaTeX Font Info:    ... okay on input line 12.
LaTeX Font Info:    Checking defaults for OT1/cmr/m/n on input line 12.
LaTeX Font Info:    ... okay on input line 12.
LaTeX Font Info:    Checking defaults for T1/cmr/m/n on input line 12.
LaTeX Font Info:    ... okay on input line 12.
LaTeX Font Info:    Checking defaults for TS1/cmr/m/n on input line 12.
LaTeX Font Info:    ... okay on input line 12.
LaTeX Font Info:    Checking defaults for OMX/cmex/m/n on input line 12.
LaTeX Font Info:    ... okay on input line 12.
LaTeX Font Info:    Checking defaults for U/cmr/m/n on input line 12.
LaTeX Font Info:    ... okay on input line 12.

(C:\Users\huago\AppData\Local\Programs\MiKTeX\tex/context/base/mkii\supp-pdf.mk
ii
[Loading MPS to PDF converter (version 2006.09.02).]
\scratchcounter=\count275
\scratchdimen=\dimen166
\scratchbox=\box57
\nofMPsegments=\count276
\nofMParguments=\count277
\everyMPshowfont=\toks23
\MPscratchCnt=\count278
\MPscratchDim=\dimen167
\MPnumerator=\count279
\makeMPintoPDFobject=\count280
\everyMPtoPDFconversion=\toks24
)
(C:\Users\huago\AppData\Local\Programs\MiKTeX\tex/latex/epstopdf-pkg\epstopdf-b
ase.sty
Package: epstopdf-base 2020-01-24 v2.11 Base part for package epstopdf
Package epstopdf-base Info: Redefining graphics rule for `.eps' on input line 4
85.

(C:\Users\huago\AppData\Local\Programs\MiKTeX\tex/latex/00miktex\epstopdf-sys.c
fg
File: epstopdf-sys.cfg 2021/03/18 v2.0 Configuration of epstopdf for MiKTeX
))
Package caption Info: Begin \AtBeginDocument code.
Package caption Info: float package is loaded.
Package caption Info: listings package is loaded.
Package caption Info: End \AtBeginDocument code.
\c@lstlisting=\count281
\c@maskedRefs=\count282

(C:\Users\huago\AppData\Local\Programs\MiKTeX\tex/latex/apacite\english.apc
File: english.apc 2013/07/21 v6.03 apacite language file
LaTeX Info: Redefining \BPBI on input line 129.
LaTeX Info: Redefining \BHBI on input line 130.
)
\openout2 = `introduction.aux'.


(introduction.tex
LaTeX Font Info:    Trying to load font information for U+msa on input line 7.

(C:\Users\huago\AppData\Local\Programs\MiKTeX\tex/latex/amsfonts\umsa.fd
File: umsa.fd 2013/01/14 v3.01 AMS symbols A
)
LaTeX Font Info:    Trying to load font information for U+msb on input line 7.

(C:\Users\huago\AppData\Local\Programs\MiKTeX\tex/latex/amsfonts\umsb.fd
File: umsb.fd 2013/01/14 v3.01 AMS symbols B
)
[1


{C:/Users/huago/AppData/Local/MiKTeX/fonts/map/pdftex/pdftex.map}] [2]
[3]
<./figures/unstability_of_exponential_growth.png, id=18, 485.6544pt x 377.2494p
t>
File: ./figures/unstability_of_exponential_growth.png Graphic file (type png)
<use ./figures/unstability_of_exponential_growth.png>
Package pdftex.def Info: ./figures/unstability_of_exponential_growth.png  used 
on input line 72.
(pdftex.def)             Requested size: 241.49895pt x 187.59384pt.
 [4]
<./figures/regain_stability_after_measures.png, id=23, 516.0078pt x 379.4175pt>

File: ./figures/regain_stability_after_measures.png Graphic file (type png)
<use ./figures/regain_stability_after_measures.png>
Package pdftex.def Info: ./figures/regain_stability_after_measures.png  used on
 input line 83.
(pdftex.def)             Requested size: 241.49895pt x 177.57361pt.
 [5 <./figures/unstability_of_exponential_growth.png>] [6 <./figures/regain_sta
bility_after_measures.png>] [7]
Overfull \hbox (1.50066pt too wide) in paragraph at lines 125--126
[]\OT1/cmr/m/n/10 `ode45' calls an im-ple-men-ta-tion of Dormand-Prince (4)5 (D
O-PRI5) Runge-
 []

[8] [9] [10] [11]
<./figures/R_ode45_spacing_experiment.png, id=51, 725.71124pt x 406.51875pt>
File: ./figures/R_ode45_spacing_experiment.png Graphic file (type png)
<use ./figures/R_ode45_spacing_experiment.png>
Package pdftex.def Info: ./figures/R_ode45_spacing_experiment.png  used on inpu
t line 227.
(pdftex.def)             Requested size: 241.49895pt x 135.28053pt.
 [12 <./figures/R_ode45_spacing_experiment.png>] [13]
<./figures/lsoda_vs_discontinuity.png, id=60, 462.528pt x 346.896pt>
File: ./figures/lsoda_vs_discontinuity.png Graphic file (type png)
<use ./figures/lsoda_vs_discontinuity.png>
Package pdftex.def Info: ./figures/lsoda_vs_discontinuity.png  used on input li
ne 263.
(pdftex.def)             Requested size: 241.49895pt x 181.12799pt.
<./figures/dop853_vs_discontinuity.png, id=61, 462.528pt x 346.896pt>
File: ./figures/dop853_vs_discontinuity.png Graphic file (type png)
<use ./figures/dop853_vs_discontinuity.png>
Package pdftex.def Info: ./figures/dop853_vs_discontinuity.png  used on input l
ine 270.
(pdftex.def)             Requested size: 241.49895pt x 181.12799pt.


LaTeX Warning: `h' float specifier changed to `ht'.

) [14 <./figures/lsoda_vs_discontinuity.png>] [15 <./figures/dop853_vs_disconti
nuity.png>]
\openout2 = `timeProblem.aux'.

 (timeProblem.tex
(C:\Users\huago\AppData\Local\Programs\MiKTeX\tex/latex/listings\lstlang1.sty
File: lstlang1.sty 2020/03/24 1.8d listings language file
)
LaTeX Font Info:    Trying to load font information for OML+cmr on input line 1
6.

(C:\Users\huago\AppData\Local\Programs\MiKTeX\tex/latex/base\omlcmr.fd
File: omlcmr.fd 2019/12/16 v2.5j Standard LaTeX font definitions
)
LaTeX Font Info:    Font shape `OML/cmr/m/n' in size <10> not available
(Font)              Font shape `OML/cmm/m/it' tried instead on input line 16.

Overfull \hbox (15.0pt too wide) in paragraph at lines 11--22
[]$[]$ 
 []

<./figures/time_discontinuity_R.png, id=70, 566.115pt x 406.51875pt>
File: ./figures/time_discontinuity_R.png Graphic file (type png)
<use ./figures/time_discontinuity_R.png>
Package pdftex.def Info: ./figures/time_discontinuity_R.png  used on input line
 28.
(pdftex.def)             Requested size: 241.49895pt x 173.41638pt.
[16



] [17 <./figures/time_discontinuity_R.png>]
<./figures/rk4_messing_up_no_event_R.png, id=78, 601.4972pt x 406.51875pt>
File: ./figures/rk4_messing_up_no_event_R.png Graphic file (type png)
<use ./figures/rk4_messing_up_no_event_R.png>
Package pdftex.def Info: ./figures/rk4_messing_up_no_event_R.png  used on input
 line 41.
(pdftex.def)             Requested size: 241.49895pt x 163.2187pt.
<./figures/time_discontinuity_py.png, id=79, 462.528pt x 346.896pt>
File: ./figures/time_discontinuity_py.png Graphic file (type png)
<use ./figures/time_discontinuity_py.png>
Package pdftex.def Info: ./figures/time_discontinuity_py.png  used on input lin
e 50.
(pdftex.def)             Requested size: 241.49895pt x 181.12799pt.
 [18 <./figures/rk4_messing_up_no_event_R.png> <./figures/time_discontinuity_py
.png>]
<./figures/time_discontinuity_scilab.png, id=85, 612.2875pt x 461.725pt>
File: ./figures/time_discontinuity_scilab.png Graphic file (type png)
<use ./figures/time_discontinuity_scilab.png>
Package pdftex.def Info: ./figures/time_discontinuity_scilab.png  used on input
 line 59.
(pdftex.def)             Requested size: 241.49895pt x 182.11517pt.
<./figures/time_discontinuity_matlab.png, id=86, 526.96875pt x 395.22656pt>
File: ./figures/time_discontinuity_matlab.png Graphic file (type png)
<use ./figures/time_discontinuity_matlab.png>
Package pdftex.def Info: ./figures/time_discontinuity_matlab.png  used on input
 line 72.
(pdftex.def)             Requested size: 241.49895pt x 181.12495pt.
 [19 <./figures/time_discontinuity_scilab.png>]
Overfull \hbox (26.1832pt too wide) in paragraph at lines 78--78
[]\OT1/cmr/bx/n/12 A bet-ter way to treat dis-con-ti-nu-ities in the time-depen
dent
 []

[20 <./figures/time_discontinuity_matlab.png (PNG copy)>]
Overfull \hbox (9.0036pt too wide) in paragraph at lines 90--91
[][][][][][][][][][][][][] 
 []


Overfull \hbox (15.0pt too wide) in paragraph at lines 86--101
[]$[]$ 
 []

<./figures/solve_time_discontinuity_R.png, id=95, 566.115pt x 406.51875pt>
File: ./figures/solve_time_discontinuity_R.png Graphic file (type png)
<use ./figures/solve_time_discontinuity_R.png>
Package pdftex.def Info: ./figures/solve_time_discontinuity_R.png  used on inpu
t line 107.
(pdftex.def)             Requested size: 241.49895pt x 173.41638pt.
[21 <./figures/solve_time_discontinuity_R.png>]
<./figures/rk4_messing_up_with_event_R.png, id=100, 601.4972pt x 406.51875pt>
File: ./figures/rk4_messing_up_with_event_R.png Graphic file (type png)
<use ./figures/rk4_messing_up_with_event_R.png>
Package pdftex.def Info: ./figures/rk4_messing_up_with_event_R.png  used on inp
ut line 117.
(pdftex.def)             Requested size: 241.49895pt x 163.2187pt.
 [22 <./figures/rk4_messing_up_with_event_R.png>]
<./figures/solve_time_discontinuity_py.png, id=105, 462.528pt x 346.896pt>
File: ./figures/solve_time_discontinuity_py.png Graphic file (type png)
<use ./figures/solve_time_discontinuity_py.png>
Package pdftex.def Info: ./figures/solve_time_discontinuity_py.png  used on inp
ut line 154.
(pdftex.def)             Requested size: 241.49895pt x 181.12799pt.
 [23] [24 <./figures/solve_time_discontinuity_py.png>]
<./figures/solve_time_discontinuity_scilab.png, id=113, 612.2875pt x 461.725pt>

File: ./figures/solve_time_discontinuity_scilab.png Graphic file (type png)
<use ./figures/solve_time_discontinuity_scilab.png>
Package pdftex.def Info: ./figures/solve_time_discontinuity_scilab.png  used on
 input line 182.
(pdftex.def)             Requested size: 241.49895pt x 182.11517pt.

[25 <./figures/solve_time_discontinuity_scilab.png>]
<./figures/solve_time_discontinuity_matlab.png, id=119, 526.96875pt x 395.22656
pt>
File: ./figures/solve_time_discontinuity_matlab.png Graphic file (type png)
<use ./figures/solve_time_discontinuity_matlab.png>
Package pdftex.def Info: ./figures/solve_time_discontinuity_matlab.png  used on
 input line 214.
(pdftex.def)             Requested size: 241.49895pt x 181.12495pt.
 [26] [27 <./figures/solve_time_discontinuity_matlab.png (PNG copy)>]
<./figures/tolerance_time_lsoda_no_event_R.png, id=126, 601.4972pt x 406.51875p
t>
File: ./figures/tolerance_time_lsoda_no_event_R.png Graphic file (type png)
<use ./figures/tolerance_time_lsoda_no_event_R.png>
Package pdftex.def Info: ./figures/tolerance_time_lsoda_no_event_R.png  used on
 input line 251.
(pdftex.def)             Requested size: 241.49895pt x 163.2187pt.
<./figures/tolerance_time_lsoda_with_event_R.png, id=127, 601.4972pt x 406.5187
5pt>
File: ./figures/tolerance_time_lsoda_with_event_R.png Graphic file (type png)
<use ./figures/tolerance_time_lsoda_with_event_R.png>
Package pdftex.def Info: ./figures/tolerance_time_lsoda_with_event_R.png  used 
on input line 258.
(pdftex.def)             Requested size: 241.49895pt x 163.2187pt.
 [28 <./figures/tolerance_time_lsoda_no_event_R.png>] [29 <./figures/tolerance_
time_lsoda_with_event_R.png>]
<./figures/tolerance_time_lsoda_no_event_py.png, id=136, 462.528pt x 346.896pt>

File: ./figures/tolerance_time_lsoda_no_event_py.png Graphic file (type png)
<use ./figures/tolerance_time_lsoda_no_event_py.png>
Package pdftex.def Info: ./figures/tolerance_time_lsoda_no_event_py.png  used o
n input line 290.
(pdftex.def)             Requested size: 241.49895pt x 181.12799pt.
<./figures/tolerance_time_lsoda_with_event_py.png, id=137, 462.528pt x 346.896p
t>
File: ./figures/tolerance_time_lsoda_with_event_py.png Graphic file (type png)
<use ./figures/tolerance_time_lsoda_with_event_py.png>
Package pdftex.def Info: ./figures/tolerance_time_lsoda_with_event_py.png  used
 on input line 297.
(pdftex.def)             Requested size: 241.49895pt x 181.12799pt.

[30 <./figures/tolerance_time_lsoda_no_event_py.png>] [31 <./figures/tolerance_
time_lsoda_with_event_py.png>]
<./figures/tolerance_time_lsoda_no_event_sci.png, id=147, 612.2875pt x 461.725p
t>
File: ./figures/tolerance_time_lsoda_no_event_sci.png Graphic file (type png)
<use ./figures/tolerance_time_lsoda_no_event_sci.png>
Package pdftex.def Info: ./figures/tolerance_time_lsoda_no_event_sci.png  used 
on input line 330.
(pdftex.def)             Requested size: 241.49895pt x 182.11517pt.
<./figures/tolerance_time_lsoda_with_event_sci.png, id=148, 612.2875pt x 461.72
5pt>
File: ./figures/tolerance_time_lsoda_with_event_sci.png Graphic file (type png)

<use ./figures/tolerance_time_lsoda_with_event_sci.png>
Package pdftex.def Info: ./figures/tolerance_time_lsoda_with_event_sci.png  use
d on input line 337.
(pdftex.def)             Requested size: 241.49895pt x 182.11517pt.
 [32 <./figures/tolerance_time_lsoda_no_event_sci.png>] [33 <./figures/toleranc
e_time_lsoda_with_event_sci.png>]
<./figures/tolerance_time_rk45_no_event_R.png, id=157, 601.4972pt x 406.51875pt
>
File: ./figures/tolerance_time_rk45_no_event_R.png Graphic file (type png)
<use ./figures/tolerance_time_rk45_no_event_R.png>
Package pdftex.def Info: ./figures/tolerance_time_rk45_no_event_R.png  used on 
input line 370.
(pdftex.def)             Requested size: 241.49895pt x 163.2187pt.
<./figures/tolerance_time_rk45_with_event_R.png, id=158, 601.4972pt x 406.51875
pt>
File: ./figures/tolerance_time_rk45_with_event_R.png Graphic file (type png)
<use ./figures/tolerance_time_rk45_with_event_R.png>
Package pdftex.def Info: ./figures/tolerance_time_rk45_with_event_R.png  used o
n input line 377.
(pdftex.def)             Requested size: 241.49895pt x 163.2187pt.
 [34 <./figures/tolerance_time_rk45_no_event_R.png> <./figures/tolerance_time_r
k45_with_event_R.png>]
<./figures/tolerance_time_rk45_further_no_event_R.png, id=164, 601.4972pt x 406
.51875pt>
File: ./figures/tolerance_time_rk45_further_no_event_R.png Graphic file (type p
ng)
<use ./figures/tolerance_time_rk45_further_no_event_R.png>
Package pdftex.def Info: ./figures/tolerance_time_rk45_further_no_event_R.png  
used on input line 408.
(pdftex.def)             Requested size: 241.49895pt x 163.2187pt.
 [35]
<./figures/tolerance_time_rk45_further_with_event_R.png, id=168, 601.4972pt x 4
06.51875pt>
File: ./figures/tolerance_time_rk45_further_with_event_R.png Graphic file (type
 png)
<use ./figures/tolerance_time_rk45_further_with_event_R.png>
Package pdftex.def Info: ./figures/tolerance_time_rk45_further_with_event_R.png
  used on input line 415.
(pdftex.def)             Requested size: 241.49895pt x 163.2187pt.
 [36 <./figures/tolerance_time_rk45_further_no_event_R.png> <./figures/toleranc
e_time_rk45_further_with_event_R.png>]
<./figures/tolerance_time_rk45_no_event_py.png, id=174, 462.528pt x 346.896pt>
File: ./figures/tolerance_time_rk45_no_event_py.png Graphic file (type png)
<use ./figures/tolerance_time_rk45_no_event_py.png>
Package pdftex.def Info: ./figures/tolerance_time_rk45_no_event_py.png  used on
 input line 451.
(pdftex.def)             Requested size: 241.49895pt x 181.12799pt.
 [37]
<./figures/tolerance_time_rk45_with_event_py.png, id=179, 462.528pt x 346.896pt
>
File: ./figures/tolerance_time_rk45_with_event_py.png Graphic file (type png)
<use ./figures/tolerance_time_rk45_with_event_py.png>
Package pdftex.def Info: ./figures/tolerance_time_rk45_with_event_py.png  used 
on input line 458.
(pdftex.def)             Requested size: 241.49895pt x 181.12799pt.
 [38 <./figures/tolerance_time_rk45_no_event_py.png> <./figures/tolerance_time_
rk45_with_event_py.png>]
<./figures/tolerance_time_rk45_no_event_sci.png, id=185, 612.2875pt x 461.725pt
>
File: ./figures/tolerance_time_rk45_no_event_sci.png Graphic file (type png)
<use ./figures/tolerance_time_rk45_no_event_sci.png>
Package pdftex.def Info: ./figures/tolerance_time_rk45_no_event_sci.png  used o
n input line 497.
(pdftex.def)             Requested size: 241.49895pt x 182.11517pt.

[39]
<./figures/tolerance_time_rk45_with_event_sci.png, id=189, 612.2875pt x 461.725
pt>
File: ./figures/tolerance_time_rk45_with_event_sci.png Graphic file (type png)
<use ./figures/tolerance_time_rk45_with_event_sci.png>
Package pdftex.def Info: ./figures/tolerance_time_rk45_with_event_sci.png  used
 on input line 504.
(pdftex.def)             Requested size: 241.49895pt x 182.11517pt.
 [40 <./figures/tolerance_time_rk45_no_event_sci.png> <./figures/tolerance_time
_rk45_with_event_sci.png>]
<./figures/tolerance_time_rkf_further_no_event_sci.png, id=195, 612.2875pt x 46
1.725pt>
File: ./figures/tolerance_time_rkf_further_no_event_sci.png Graphic file (type 
png)
<use ./figures/tolerance_time_rkf_further_no_event_sci.png>
Package pdftex.def Info: ./figures/tolerance_time_rkf_further_no_event_sci.png 
 used on input line 534.
(pdftex.def)             Requested size: 241.49895pt x 182.11517pt.
<./figures/tolerance_time_rkf_further_with_event_sci.png, id=196, 612.2875pt x 
461.725pt>
File: ./figures/tolerance_time_rkf_further_with_event_sci.png Graphic file (typ
e png)
<use ./figures/tolerance_time_rkf_further_with_event_sci.png>
Package pdftex.def Info: ./figures/tolerance_time_rkf_further_with_event_sci.pn
g  used on input line 541.
(pdftex.def)             Requested size: 241.49895pt x 182.11517pt.
 [41 <./figures/tolerance_time_rkf_further_no_event_sci.png>] [42 <./figures/to
lerance_time_rkf_further_with_event_sci.png>]
<./figures/tolerance_time_rk45_no_event_matlab.png, id=205, 526.96875pt x 395.2
2656pt>
File: ./figures/tolerance_time_rk45_no_event_matlab.png Graphic file (type png)

<use ./figures/tolerance_time_rk45_no_event_matlab.png>
Package pdftex.def Info: ./figures/tolerance_time_rk45_no_event_matlab.png  use
d on input line 573.
(pdftex.def)             Requested size: 241.49895pt x 181.12495pt.
<./figures/tolerance_time_rk45_with_event_matlab.png, id=206, 526.96875pt x 395
.22656pt>
File: ./figures/tolerance_time_rk45_with_event_matlab.png Graphic file (type pn
g)
<use ./figures/tolerance_time_rk45_with_event_matlab.png>
Package pdftex.def Info: ./figures/tolerance_time_rk45_with_event_matlab.png  u
sed on input line 582.
(pdftex.def)             Requested size: 241.49895pt x 181.12495pt.

[43 <./figures/tolerance_time_rk45_no_event_matlab.png (PNG copy)>]) [44 <./fig
ures/tolerance_time_rk45_with_event_matlab.png (PNG copy)>]
\openout2 = `stateProblem.aux'.

 (stateProblem.tex
Overfull \hbox (15.0pt too wide) in paragraph at lines 15--40
[]$[]$ 
 []

[45



]
<./figures/state_discontinuity_R.png, id=217, 566.115pt x 406.51875pt>
File: ./figures/state_discontinuity_R.png Graphic file (type png)
<use ./figures/state_discontinuity_R.png>
Package pdftex.def Info: ./figures/state_discontinuity_R.png  used on input lin
e 44.
(pdftex.def)             Requested size: 241.49895pt x 173.41638pt.
 [46 <./figures/state_discontinuity_R.png>]
<./figures/state_discontinuity_radau_R.png, id=222, 566.115pt x 406.51875pt>
File: ./figures/state_discontinuity_radau_R.png Graphic file (type png)
<use ./figures/state_discontinuity_radau_R.png>
Package pdftex.def Info: ./figures/state_discontinuity_radau_R.png  used on inp
ut line 62.
(pdftex.def)             Requested size: 241.49895pt x 173.41638pt.


LaTeX Warning: `h' float specifier changed to `ht'.

<./figures/state_discontinuity_sharp_R.png, id=223, 601.4972pt x 406.51875pt>
File: ./figures/state_discontinuity_sharp_R.png Graphic file (type png)
<use ./figures/state_discontinuity_sharp_R.png>
Package pdftex.def Info: ./figures/state_discontinuity_sharp_R.png  used on inp
ut line 71.
(pdftex.def)             Requested size: 241.49895pt x 163.2187pt.
[47] [48 <./figures/state_discontinuity_radau_R.png> <./figures/state_discontin
uity_sharp_R.png>]
<./figures/state_discontinuity_sharp_radau_R.png, id=232, 601.4972pt x 406.5187
5pt>
File: ./figures/state_discontinuity_sharp_radau_R.png Graphic file (type png)
<use ./figures/state_discontinuity_sharp_radau_R.png>
Package pdftex.def Info: ./figures/state_discontinuity_sharp_radau_R.png  used 
on input line 84.
(pdftex.def)             Requested size: 241.49895pt x 163.2187pt.
<./figures/state_discontinuity_py.png, id=233, 462.528pt x 346.896pt>
File: ./figures/state_discontinuity_py.png Graphic file (type png)
<use ./figures/state_discontinuity_py.png>
Package pdftex.def Info: ./figures/state_discontinuity_py.png  used on input li
ne 92.
(pdftex.def)             Requested size: 241.49895pt x 181.12799pt.
 [49 <./figures/state_discontinuity_sharp_radau_R.png> <./figures/state_discont
inuity_py.png>]
<./figures/state_discontinuity_radau_py.png, id=240, 462.528pt x 346.896pt>
File: ./figures/state_discontinuity_radau_py.png Graphic file (type png)
<use ./figures/state_discontinuity_radau_py.png>
Package pdftex.def Info: ./figures/state_discontinuity_radau_py.png  used on in
put line 106.
(pdftex.def)             Requested size: 241.49895pt x 181.12799pt.
<./figures/state_discontinuity_sharp_py.png, id=241, 462.528pt x 346.896pt>
File: ./figures/state_discontinuity_sharp_py.png Graphic file (type png)
<use ./figures/state_discontinuity_sharp_py.png>
Package pdftex.def Info: ./figures/state_discontinuity_sharp_py.png  used on in
put line 115.
(pdftex.def)             Requested size: 241.49895pt x 181.12799pt.
 [50 <./figures/state_discontinuity_radau_py.png>]
<./figures/state_discontinuity_sharp_radau_py.png, id=246, 462.528pt x 346.896p
t>
File: ./figures/state_discontinuity_sharp_radau_py.png Graphic file (type png)
<use ./figures/state_discontinuity_sharp_radau_py.png>
Package pdftex.def Info: ./figures/state_discontinuity_sharp_radau_py.png  used
 on input line 126.
(pdftex.def)             Requested size: 241.49895pt x 181.12799pt.
 [51 <./figures/state_discontinuity_sharp_py.png>]
<./figures/state_discontinuity_scilab.png, id=251, 612.2875pt x 461.725pt>
File: ./figures/state_discontinuity_scilab.png Graphic file (type png)
<use ./figures/state_discontinuity_scilab.png>
Package pdftex.def Info: ./figures/state_discontinuity_scilab.png  used on inpu
t line 136.
(pdftex.def)             Requested size: 241.49895pt x 182.11517pt.
 [52 <./figures/state_discontinuity_sharp_radau_py.png>]
<./figures/state_discontinuity_sharp_sci.png, id=256, 612.2875pt x 461.725pt>
File: ./figures/state_discontinuity_sharp_sci.png Graphic file (type png)
<use ./figures/state_discontinuity_sharp_sci.png>
Package pdftex.def Info: ./figures/state_discontinuity_sharp_sci.png  used on i
nput line 147.
(pdftex.def)             Requested size: 241.49895pt x 182.11517pt.
 [53 <./figures/state_discontinuity_scilab.png>]
<./figures/state_discontinuity_matlab.png, id=261, 526.96875pt x 395.22656pt>
File: ./figures/state_discontinuity_matlab.png Graphic file (type png)
<use ./figures/state_discontinuity_matlab.png>
Package pdftex.def Info: ./figures/state_discontinuity_matlab.png  used on inpu
t line 158.
(pdftex.def)             Requested size: 241.49895pt x 181.12495pt.
[54 <./figures/state_discontinuity_sharp_sci.png>]
<./figures/state_discontinuity_sharp_matlab.png, id=266, 526.96875pt x 395.2265
6pt>
File: ./figures/state_discontinuity_sharp_matlab.png Graphic file (type png)
<use ./figures/state_discontinuity_sharp_matlab.png>
Package pdftex.def Info: ./figures/state_discontinuity_sharp_matlab.png  used o
n input line 166.
(pdftex.def)             Requested size: 241.49895pt x 181.12495pt.
 [55 <./figures/state_discontinuity_matlab.png (PNG copy)> <./figures/state_dis
continuity_sharp_matlab.png (PNG copy)>]
<./figures/comparison_state_default_sharp_event.png, id=271, 462.528pt x 346.89
6pt>
File: ./figures/comparison_state_default_sharp_event.png Graphic file (type png
)
<use ./figures/comparison_state_default_sharp_event.png>
Package pdftex.def Info: ./figures/comparison_state_default_sharp_event.png  us
ed on input line 180.
(pdftex.def)             Requested size: 241.49895pt x 181.12799pt.
 [56 <./figures/comparison_state_default_sharp_event.png>] [57]
[58]
Overfull \hbox (15.0pt too wide) in paragraph at lines 226--267
[]$[]$ 
 []

<./figures/solve_state_discontinuity_R.png, id=282, 601.4972pt x 406.51875pt>
File: ./figures/solve_state_discontinuity_R.png Graphic file (type png)
<use ./figures/solve_state_discontinuity_R.png>
Package pdftex.def Info: ./figures/solve_state_discontinuity_R.png  used on inp
ut line 273.
(pdftex.def)             Requested size: 241.49895pt x 163.2187pt.
[59]
<./figures/solve_state_discontinuity_sharp_R.png, id=286, 601.4972pt x 406.5187
5pt>
File: ./figures/solve_state_discontinuity_sharp_R.png Graphic file (type png)
<use ./figures/solve_state_discontinuity_sharp_R.png>
Package pdftex.def Info: ./figures/solve_state_discontinuity_sharp_R.png  used 
on input line 283.
(pdftex.def)             Requested size: 241.49895pt x 163.2187pt.
 [60 <./figures/solve_state_discontinuity_R.png>]
Overfull \hbox (3.77838pt too wide) in paragraph at lines 296--303
 [] 
 []

<./figures/solve_state_discontinuity_py.png, id=291, 462.528pt x 346.896pt>
File: ./figures/solve_state_discontinuity_py.png Graphic file (type png)
<use ./figures/solve_state_discontinuity_py.png>
Package pdftex.def Info: ./figures/solve_state_discontinuity_py.png  used on in
put line 315.
(pdftex.def)             Requested size: 241.49895pt x 181.12799pt.
[61 <./figures/solve_state_discontinuity_sharp_R.png>]

LaTeX Warning: `h' float specifier changed to `ht'.

<./figures/solve_state_discontinuity_scilab.png, id=297, 612.2875pt x 461.725pt
>
File: ./figures/solve_state_discontinuity_scilab.png Graphic file (type png)
<use ./figures/solve_state_discontinuity_scilab.png>
Package pdftex.def Info: ./figures/solve_state_discontinuity_scilab.png  used o
n input line 345.
(pdftex.def)             Requested size: 241.49895pt x 182.11517pt.
[62 <./figures/solve_state_discontinuity_py.png>] [63 <./figures/solve_state_di
scontinuity_scilab.png>]
<./figures/solve_state_discontinuity_matlab.png, id=306, 526.96875pt x 395.2265
6pt>
File: ./figures/solve_state_discontinuity_matlab.png Graphic file (type png)
<use ./figures/solve_state_discontinuity_matlab.png>
Package pdftex.def Info: ./figures/solve_state_discontinuity_matlab.png  used o
n input line 366.
(pdftex.def)             Requested size: 241.49895pt x 181.12495pt.
 [64 <./figures/solve_state_discontinuity_matlab.png (PNG copy)>]
<./figures/tolerance_state_lsoda_no_event_R.png, id=310, 601.4972pt x 406.51875
pt>
File: ./figures/tolerance_state_lsoda_no_event_R.png Graphic file (type png)
<use ./figures/tolerance_state_lsoda_no_event_R.png>
Package pdftex.def Info: ./figures/tolerance_state_lsoda_no_event_R.png  used o
n input line 399.
(pdftex.def)             Requested size: 241.49895pt x 163.2187pt.
<./figures/tolerance_state_lsoda_with_event_R.png, id=311, 601.4972pt x 406.518
75pt>
File: ./figures/tolerance_state_lsoda_with_event_R.png Graphic file (type png)
<use ./figures/tolerance_state_lsoda_with_event_R.png>
Package pdftex.def Info: ./figures/tolerance_state_lsoda_with_event_R.png  used
 on input line 406.
(pdftex.def)             Requested size: 241.49895pt x 163.2187pt.


LaTeX Warning: `h' float specifier changed to `ht'.

[65 <./figures/tolerance_state_lsoda_no_event_R.png>] [66 <./figures/tolerance_
state_lsoda_with_event_R.png>]
<./figures/tolerance_state_lsoda_no_event_py.png, id=320, 462.528pt x 346.896pt
>
File: ./figures/tolerance_state_lsoda_no_event_py.png Graphic file (type png)
<use ./figures/tolerance_state_lsoda_no_event_py.png>
Package pdftex.def Info: ./figures/tolerance_state_lsoda_no_event_py.png  used 
on input line 439.
(pdftex.def)             Requested size: 241.49895pt x 181.12799pt.
<./figures/tolerance_state_lsoda_with_event_py.png, id=321, 462.528pt x 346.896
pt>
File: ./figures/tolerance_state_lsoda_with_event_py.png Graphic file (type png)

<use ./figures/tolerance_state_lsoda_with_event_py.png>
Package pdftex.def Info: ./figures/tolerance_state_lsoda_with_event_py.png  use
d on input line 446.
(pdftex.def)             Requested size: 241.49895pt x 181.12799pt.


LaTeX Warning: `h' float specifier changed to `ht'.

[67 <./figures/tolerance_state_lsoda_no_event_py.png>] [68 <./figures/tolerance
_state_lsoda_with_event_py.png>]
<./figures/tolerance_state_lsoda_no_event_sci.png, id=331, 612.2875pt x 461.725
pt>
File: ./figures/tolerance_state_lsoda_no_event_sci.png Graphic file (type png)
<use ./figures/tolerance_state_lsoda_no_event_sci.png>
Package pdftex.def Info: ./figures/tolerance_state_lsoda_no_event_sci.png  used
 on input line 480.
(pdftex.def)             Requested size: 241.49895pt x 182.11517pt.
<./figures/tolerance_state_lsoda_with_event_sci.png, id=332, 612.2875pt x 461.7
25pt>
File: ./figures/tolerance_state_lsoda_with_event_sci.png Graphic file (type png
)
<use ./figures/tolerance_state_lsoda_with_event_sci.png>
Package pdftex.def Info: ./figures/tolerance_state_lsoda_with_event_sci.png  us
ed on input line 487.
(pdftex.def)             Requested size: 241.49895pt x 182.11517pt.


LaTeX Warning: `h' float specifier changed to `ht'.

[69 <./figures/tolerance_state_lsoda_no_event_sci.png>]
<./figures/tolerance_state_rk45_no_event_R.png, id=337, 601.4972pt x 406.51875p
t>
File: ./figures/tolerance_state_rk45_no_event_R.png Graphic file (type png)
<use ./figures/tolerance_state_rk45_no_event_R.png>
Package pdftex.def Info: ./figures/tolerance_state_rk45_no_event_R.png  used on
 input line 523.
(pdftex.def)             Requested size: 241.49895pt x 163.2187pt.


LaTeX Warning: `h' float specifier changed to `ht'.


LaTeX Warning: `h' float specifier changed to `ht'.

[70 <./figures/tolerance_state_lsoda_with_event_sci.png>]
<./figures/tolerance_state_rk45_no_event_py.png, id=342, 462.528pt x 346.896pt>

File: ./figures/tolerance_state_rk45_no_event_py.png Graphic file (type png)
<use ./figures/tolerance_state_rk45_no_event_py.png>
Package pdftex.def Info: ./figures/tolerance_state_rk45_no_event_py.png  used o
n input line 554.
(pdftex.def)             Requested size: 241.49895pt x 181.12799pt.


LaTeX Warning: `h' float specifier changed to `ht'.

<./figures/tolerance_state_rk45_with_event_py.png, id=343, 462.528pt x 346.896p
t>
File: ./figures/tolerance_state_rk45_with_event_py.png Graphic file (type png)
<use ./figures/tolerance_state_rk45_with_event_py.png>
Package pdftex.def Info: ./figures/tolerance_state_rk45_with_event_py.png  used
 on input line 561.
(pdftex.def)             Requested size: 241.49895pt x 181.12799pt.

LaTeX Warning: `h' float specifier changed to `ht'.


LaTeX Warning: `h' float specifier changed to `ht'.

[71 <./figures/tolerance_state_rk45_no_event_R.png>]
<./figures/tolerance_state_rk45_no_event_sci.png, id=348, 612.2875pt x 461.725p
t>
File: ./figures/tolerance_state_rk45_no_event_sci.png Graphic file (type png)
<use ./figures/tolerance_state_rk45_no_event_sci.png>
Package pdftex.def Info: ./figures/tolerance_state_rk45_no_event_sci.png  used 
on input line 595.
(pdftex.def)             Requested size: 241.49895pt x 182.11517pt.


LaTeX Warning: `h' float specifier changed to `ht'.


LaTeX Warning: `h' float specifier changed to `ht'.

<./figures/tolerance_state_rk45_no_event_matlab.png, id=349, 526.96875pt x 395.
22656pt>
File: ./figures/tolerance_state_rk45_no_event_matlab.png Graphic file (type png
)
<use ./figures/tolerance_state_rk45_no_event_matlab.png>
Package pdftex.def Info: ./figures/tolerance_state_rk45_no_event_matlab.png  us
ed on input line 621.
(pdftex.def)             Requested size: 241.49895pt x 181.12495pt.

LaTeX Warning: `h' float specifier changed to `ht'.

<./figures/tolerance_state_rk45_with_event_matlab.png, id=350, 526.96875pt x 39
5.22656pt>
File: ./figures/tolerance_state_rk45_with_event_matlab.png Graphic file (type p
ng)
<use ./figures/tolerance_state_rk45_with_event_matlab.png>
Package pdftex.def Info: ./figures/tolerance_state_rk45_with_event_matlab.png  
used on input line 630.
(pdftex.def)             Requested size: 241.49895pt x 181.12495pt.

LaTeX Warning: `h' float specifier changed to `ht'.

[72 <./figures/tolerance_state_rk45_no_event_py.png>]

LaTeX Warning: `h' float specifier changed to `ht'.

) [73 <./figures/tolerance_state_rk45_with_event_py.png>] [74 <./figures/tolera
nce_state_rk45_no_event_sci.png>] [75 <./figures/tolerance_state_rk45_no_event_
matlab.png (PNG copy)> <./figures/tolerance_state_rk45_with_event_matlab.png (P
NG copy)>] [76]
\openout2 = `investigation.aux'.

 (investigation.tex
<./figures/fortran_radau_tol_6.png, id=370, 612.2875pt x 461.725pt>
File: ./figures/fortran_radau_tol_6.png Graphic file (type png)
<use ./figures/fortran_radau_tol_6.png>
Package pdftex.def Info: ./figures/fortran_radau_tol_6.png  used on input line 
12.
(pdftex.def)             Requested size: 241.49895pt x 182.11517pt.
<./figures/fortran_radau_tol_12.png, id=371, 612.2875pt x 461.725pt>
File: ./figures/fortran_radau_tol_12.png Graphic file (type png)
<use ./figures/fortran_radau_tol_12.png>
Package pdftex.def Info: ./figures/fortran_radau_tol_12.png  used on input line
 23.
(pdftex.def)             Requested size: 241.49895pt x 182.11517pt.


LaTeX Warning: `h' float specifier changed to `ht'.

) [77



 <./figures/fortran_radau_tol_6.png>] [78 <./figures/fortran_radau_tol_12.png>]
\openout2 = `summary.aux'.

 (summary.tex [79



]) [80] (trial.bbl) [81


]
\openout2 = `ebolaPaper.aux'.

 (ebolaPaper.tex
Overfull \hbox (11.67284pt too wide) in paragraph at lines 1--1
[]\OT1/cmr/bx/n/14.4 Appendix: Pa-ram-e-ter fit-ting in an SEIR Model 
 []


Overfull \hbox (15.0pt too wide) in paragraph at lines 11--34
[]$[]$ 
 []

<./figures/original_figure_SEIR_paper.png, id=390, 469.755pt x 187.45032pt>
File: ./figures/original_figure_SEIR_paper.png Graphic file (type png)
<use ./figures/original_figure_SEIR_paper.png>
Package pdftex.def Info: ./figures/original_figure_SEIR_paper.png  used on inpu
t line 39.
(pdftex.def)             Requested size: 345.0pt x 137.66705pt.

LaTeX Warning: `h' float specifier changed to `ht'.

<./figures/my_fit_Gui.png, id=391, 601.4972pt x 406.51875pt>
File: ./figures/my_fit_Gui.png Graphic file (type png)
<use ./figures/my_fit_Gui.png>
Package pdftex.def Info: ./figures/my_fit_Gui.png  used on input line 46.
(pdftex.def)             Requested size: 241.49895pt x 163.2187pt.

LaTeX Warning: `h' float specifier changed to `ht'.

<./figures/my_fit_SL.png, id=392, 601.4972pt x 406.51875pt>
File: ./figures/my_fit_SL.png Graphic file (type png)
<use ./figures/my_fit_SL.png>
Package pdftex.def Info: ./figures/my_fit_SL.png  used on input line 53.
(pdftex.def)             Requested size: 241.49895pt x 163.2187pt.

LaTeX Warning: `h' float specifier changed to `ht'.

<./figures/my_fit_Lib.png, id=393, 601.4972pt x 406.51875pt>
File: ./figures/my_fit_Lib.png Graphic file (type png)
<use ./figures/my_fit_Lib.png>
Package pdftex.def Info: ./figures/my_fit_Lib.png  used on input line 60.
(pdftex.def)             Requested size: 241.49895pt x 163.2187pt.

LaTeX Warning: `h' float specifier changed to `ht'.

) [82

] [83 <./figures/original_figure_SEIR_paper.png> <./figures/my_fit_Gui.png> <./
figures/my_fit_SL.png>] [84 <./figures/my_fit_Lib.png>] (trial.aux
(introduction.aux) (timeProblem.aux) (stateProblem.aux) (investigation.aux)
(summary.aux) (ebolaPaper.aux)) ) 
Here is how much of TeX's memory you used:
 7760 strings out of 478659
 153222 string characters out of 2845920
 612720 words of memory out of 3000000
 25699 multiletter control sequences out of 15000+600000
 407328 words of font info for 42 fonts, out of 8000000 for 9000
 1141 hyphenation exceptions out of 8191
 55i,8n,79p,1153b,1537s stack positions out of 5000i,500n,10000p,200000b,80000s
 <C:\Users\huago\AppData\Local\MiKTeX\fonts/pk
/ljfour/jknappen/ec/dpi600\tcrm1000.pk><C:/Users/huago/AppData/Local/Programs/M
iKTeX/fonts/type1/public/amsfonts/cm/cmbx10.pfb><C:/Users/huago/AppData/Local/P
rograms/MiKTeX/fonts/type1/public/amsfonts/cm/cmbx12.pfb><C:/Users/huago/AppDat
a/Local/Programs/MiKTeX/fonts/type1/public/amsfonts/cm/cmmi10.pfb><C:/Users/hua
go/AppData/Local/Programs/MiKTeX/fonts/type1/public/amsfonts/cm/cmmi7.pfb><C:/U
sers/huago/AppData/Local/Programs/MiKTeX/fonts/type1/public/amsfonts/cm/cmr10.p
fb><C:/Users/huago/AppData/Local/Programs/MiKTeX/fonts/type1/public/amsfonts/cm
/cmr7.pfb><C:/Users/huago/AppData/Local/Programs/MiKTeX/fonts/type1/public/amsf
onts/cm/cmsy10.pfb><C:/Users/huago/AppData/Local/Programs/MiKTeX/fonts/type1/pu
blic/amsfonts/cm/cmsy7.pfb><C:/Users/huago/AppData/Local/Programs/MiKTeX/fonts/
type1/public/amsfonts/cm/cmti10.pfb>
Output written on trial.pdf (84 pages, 2123381 bytes).
PDF statistics:
 453 PDF objects out of 1000 (max. 8388607)
 0 named destinations out of 1000 (max. 500000)
 346 words of extra memory for PDF output out of 10000 (max. 10000000)

